{"C:\\Users\\fedi0\\OneDrive\\Bureau\\PI DEV TWINERZ\\TWINERZ-ConnectCareerBackend\\services\\authentification.js":{"path":"C:\\Users\\fedi0\\OneDrive\\Bureau\\PI DEV TWINERZ\\TWINERZ-ConnectCareerBackend\\services\\authentification.js","statementMap":{"0":{"start":{"line":1,"column":11},"end":{"line":1,"column":24}},"1":{"start":{"line":2,"column":19},"end":{"line":2,"column":40}},"2":{"start":{"line":3,"column":12},"end":{"line":3,"column":35}},"3":{"start":{"line":4,"column":15},"end":{"line":4,"column":34}},"4":{"start":{"line":6,"column":18},"end":{"line":6,"column":38}},"5":{"start":{"line":7,"column":15},"end":{"line":7,"column":32}},"6":{"start":{"line":8,"column":13},"end":{"line":8,"column":38}},"7":{"start":{"line":10,"column":23},"end":{"line":18,"column":1}},"8":{"start":{"line":11,"column":2},"end":{"line":17,"column":3}},"9":{"start":{"line":12,"column":17},"end":{"line":12,"column":53}},"10":{"start":{"line":13,"column":4},"end":{"line":13,"column":16}},"11":{"start":{"line":15,"column":4},"end":{"line":15,"column":25}},"12":{"start":{"line":16,"column":4},"end":{"line":16,"column":45}},"13":{"start":{"line":19,"column":25},"end":{"line":59,"column":1}},"14":{"start":{"line":20,"column":2},"end":{"line":58,"column":3}},"15":{"start":{"line":21,"column":4},"end":{"line":21,"column":68}},"16":{"start":{"line":22,"column":40},"end":{"line":22,"column":48}},"17":{"start":{"line":23,"column":17},"end":{"line":23,"column":69}},"18":{"start":{"line":25,"column":4},"end":{"line":27,"column":5}},"19":{"start":{"line":26,"column":6},"end":{"line":26,"column":63}},"20":{"start":{"line":29,"column":26},"end":{"line":29,"column":72}},"21":{"start":{"line":31,"column":4},"end":{"line":33,"column":5}},"22":{"start":{"line":32,"column":6},"end":{"line":32,"column":65}},"23":{"start":{"line":36,"column":4},"end":{"line":48,"column":5}},"24":{"start":{"line":38,"column":23},"end":{"line":43,"column":8}},"25":{"start":{"line":45,"column":6},"end":{"line":47,"column":7}},"26":{"start":{"line":46,"column":8},"end":{"line":46,"column":64}},"27":{"start":{"line":50,"column":18},"end":{"line":52,"column":6}},"28":{"start":{"line":53,"column":4},"end":{"line":53,"column":24}},"29":{"start":{"line":54,"column":4},"end":{"line":54,"column":30}},"30":{"start":{"line":56,"column":4},"end":{"line":56,"column":25}},"31":{"start":{"line":57,"column":4},"end":{"line":57,"column":56}},"32":{"start":{"line":61,"column":22},"end":{"line":89,"column":1}},"33":{"start":{"line":62,"column":17},"end":{"line":62,"column":18}},"34":{"start":{"line":63,"column":2},"end":{"line":65,"column":3}},"35":{"start":{"line":64,"column":4},"end":{"line":64,"column":29}},"36":{"start":{"line":66,"column":2},"end":{"line":68,"column":3}},"37":{"start":{"line":67,"column":4},"end":{"line":67,"column":18}},"38":{"start":{"line":69,"column":2},"end":{"line":71,"column":3}},"39":{"start":{"line":70,"column":4},"end":{"line":70,"column":19}},"40":{"start":{"line":72,"column":2},"end":{"line":74,"column":3}},"41":{"start":{"line":73,"column":4},"end":{"line":73,"column":19}},"42":{"start":{"line":75,"column":2},"end":{"line":77,"column":3}},"43":{"start":{"line":76,"column":4},"end":{"line":76,"column":19}},"44":{"start":{"line":78,"column":2},"end":{"line":80,"column":3}},"45":{"start":{"line":79,"column":4},"end":{"line":79,"column":19}},"46":{"start":{"line":81,"column":2},"end":{"line":83,"column":3}},"47":{"start":{"line":82,"column":4},"end":{"line":82,"column":19}},"48":{"start":{"line":84,"column":2},"end":{"line":86,"column":3}},"49":{"start":{"line":85,"column":4},"end":{"line":85,"column":19}},"50":{"start":{"line":87,"column":2},"end":{"line":87,"column":34}},"51":{"start":{"line":88,"column":2},"end":{"line":88,"column":20}},"52":{"start":{"line":91,"column":30},"end":{"line":118,"column":1}},"53":{"start":{"line":92,"column":2},"end":{"line":117,"column":3}},"54":{"start":{"line":93,"column":32},"end":{"line":93,"column":40}},"55":{"start":{"line":94,"column":17},"end":{"line":94,"column":24}},"56":{"start":{"line":96,"column":17},"end":{"line":96,"column":52}},"57":{"start":{"line":97,"column":4},"end":{"line":99,"column":5}},"58":{"start":{"line":98,"column":6},"end":{"line":98,"column":68}},"59":{"start":{"line":102,"column":26},"end":{"line":102,"column":72}},"60":{"start":{"line":104,"column":4},"end":{"line":106,"column":5}},"61":{"start":{"line":105,"column":6},"end":{"line":105,"column":68}},"62":{"start":{"line":109,"column":18},"end":{"line":111,"column":6}},"63":{"start":{"line":113,"column":4},"end":{"line":113,"column":30}},"64":{"start":{"line":115,"column":4},"end":{"line":115,"column":25}},"65":{"start":{"line":116,"column":4},"end":{"line":116,"column":56}},"66":{"start":{"line":119,"column":18},"end":{"line":119,"column":33}},"67":{"start":{"line":120,"column":23},"end":{"line":134,"column":1}},"68":{"start":{"line":121,"column":2},"end":{"line":133,"column":3}},"69":{"start":{"line":122,"column":4},"end":{"line":122,"column":71}},"70":{"start":{"line":123,"column":22},"end":{"line":123,"column":30}},"71":{"start":{"line":124,"column":17},"end":{"line":124,"column":46}},"72":{"start":{"line":125,"column":4},"end":{"line":127,"column":5}},"73":{"start":{"line":126,"column":6},"end":{"line":126,"column":52}},"74":{"start":{"line":128,"column":4},"end":{"line":128,"column":73}},"75":{"start":{"line":129,"column":4},"end":{"line":129,"column":67}},"76":{"start":{"line":131,"column":4},"end":{"line":131,"column":54}},"77":{"start":{"line":132,"column":4},"end":{"line":132,"column":50}},"78":{"start":{"line":136,"column":16},"end":{"line":136,"column":67}},"79":{"start":{"line":139,"column":23},"end":{"line":142,"column":3}},"80":{"start":{"line":143,"column":22},"end":{"line":152,"column":4}},"81":{"start":{"line":154,"column":14},"end":{"line":164,"column":3}},"82":{"start":{"line":167,"column":4},"end":{"line":173,"column":5}},"83":{"start":{"line":168,"column":6},"end":{"line":168,"column":38}},"84":{"start":{"line":169,"column":6},"end":{"line":169,"column":43}},"85":{"start":{"line":171,"column":6},"end":{"line":171,"column":27}},"86":{"start":{"line":172,"column":6},"end":{"line":172,"column":52}},"87":{"start":{"line":175,"column":2},"end":{"line":175,"column":29}},"88":{"start":{"line":180,"column":21},"end":{"line":214,"column":1}},"89":{"start":{"line":181,"column":20},"end":{"line":181,"column":30}},"90":{"start":{"line":183,"column":2},"end":{"line":213,"column":5}},"91":{"start":{"line":184,"column":4},"end":{"line":187,"column":5}},"92":{"start":{"line":185,"column":6},"end":{"line":185,"column":25}},"93":{"start":{"line":186,"column":6},"end":{"line":186,"column":75}},"94":{"start":{"line":188,"column":22},"end":{"line":188,"column":35}},"95":{"start":{"line":189,"column":4},"end":{"line":212,"column":5}},"96":{"start":{"line":190,"column":30},"end":{"line":190,"column":38}},"97":{"start":{"line":191,"column":24},"end":{"line":191,"column":58}},"98":{"start":{"line":192,"column":26},"end":{"line":196,"column":7}},"99":{"start":{"line":197,"column":6},"end":{"line":199,"column":7}},"100":{"start":{"line":198,"column":8},"end":{"line":198,"column":75}},"101":{"start":{"line":201,"column":6},"end":{"line":201,"column":68}},"102":{"start":{"line":202,"column":6},"end":{"line":204,"column":68}},"103":{"start":{"line":206,"column":6},"end":{"line":206,"column":27}},"104":{"start":{"line":207,"column":6},"end":{"line":211,"column":11}},"105":{"start":{"line":215,"column":23},"end":{"line":237,"column":1}},"106":{"start":{"line":216,"column":20},"end":{"line":216,"column":30}},"107":{"start":{"line":217,"column":2},"end":{"line":236,"column":3}},"108":{"start":{"line":218,"column":28},"end":{"line":218,"column":36}},"109":{"start":{"line":219,"column":22},"end":{"line":219,"column":56}},"110":{"start":{"line":220,"column":24},"end":{"line":224,"column":5}},"111":{"start":{"line":225,"column":4},"end":{"line":227,"column":5}},"112":{"start":{"line":226,"column":6},"end":{"line":226,"column":73}},"113":{"start":{"line":229,"column":4},"end":{"line":229,"column":62}},"114":{"start":{"line":230,"column":4},"end":{"line":230,"column":79}},"115":{"start":{"line":232,"column":4},"end":{"line":232,"column":25}},"116":{"start":{"line":233,"column":4},"end":{"line":235,"column":79}},"117":{"start":{"line":238,"column":19},"end":{"line":281,"column":1}},"118":{"start":{"line":239,"column":20},"end":{"line":239,"column":30}},"119":{"start":{"line":241,"column":2},"end":{"line":280,"column":3}},"120":{"start":{"line":242,"column":19},"end":{"line":242,"column":59}},"121":{"start":{"line":243,"column":4},"end":{"line":258,"column":5}},"122":{"start":{"line":244,"column":24},"end":{"line":253,"column":8}},"123":{"start":{"line":245,"column":8},"end":{"line":252,"column":11}},"124":{"start":{"line":246,"column":10},"end":{"line":251,"column":11}},"125":{"start":{"line":247,"column":12},"end":{"line":247,"column":31}},"126":{"start":{"line":248,"column":12},"end":{"line":248,"column":24}},"127":{"start":{"line":250,"column":12},"end":{"line":250,"column":32}},"128":{"start":{"line":254,"column":6},"end":{"line":254,"column":39}},"129":{"start":{"line":256,"column":6},"end":{"line":256,"column":56}},"130":{"start":{"line":257,"column":6},"end":{"line":257,"column":59}},"131":{"start":{"line":260,"column":24},"end":{"line":268,"column":5}},"132":{"start":{"line":269,"column":4},"end":{"line":271,"column":5}},"133":{"start":{"line":270,"column":6},"end":{"line":270,"column":73}},"134":{"start":{"line":273,"column":4},"end":{"line":273,"column":62}},"135":{"start":{"line":274,"column":4},"end":{"line":274,"column":79}},"136":{"start":{"line":276,"column":4},"end":{"line":276,"column":25}},"137":{"start":{"line":277,"column":4},"end":{"line":279,"column":79}},"138":{"start":{"line":282,"column":0},"end":{"line":291,"column":2}}},"fnMap":{"0":{"name":"(anonymous_0)","decl":{"start":{"line":10,"column":23},"end":{"line":10,"column":24}},"loc":{"start":{"line":10,"column":40},"end":{"line":18,"column":1}},"line":10},"1":{"name":"(anonymous_1)","decl":{"start":{"line":19,"column":25},"end":{"line":19,"column":26}},"loc":{"start":{"line":19,"column":45},"end":{"line":59,"column":1}},"line":19},"2":{"name":"(anonymous_2)","decl":{"start":{"line":61,"column":22},"end":{"line":61,"column":23}},"loc":{"start":{"line":61,"column":38},"end":{"line":89,"column":1}},"line":61},"3":{"name":"(anonymous_3)","decl":{"start":{"line":91,"column":30},"end":{"line":91,"column":31}},"loc":{"start":{"line":91,"column":50},"end":{"line":118,"column":1}},"line":91},"4":{"name":"(anonymous_4)","decl":{"start":{"line":120,"column":23},"end":{"line":120,"column":24}},"loc":{"start":{"line":120,"column":43},"end":{"line":134,"column":1}},"line":120},"5":{"name":"sendMailtoResetPassword","decl":{"start":{"line":135,"column":15},"end":{"line":135,"column":38}},"loc":{"start":{"line":135,"column":56},"end":{"line":176,"column":1}},"line":135},"6":{"name":"(anonymous_6)","decl":{"start":{"line":180,"column":21},"end":{"line":180,"column":22}},"loc":{"start":{"line":180,"column":41},"end":{"line":214,"column":1}},"line":180},"7":{"name":"(anonymous_7)","decl":{"start":{"line":183,"column":31},"end":{"line":183,"column":32}},"loc":{"start":{"line":183,"column":55},"end":{"line":213,"column":3}},"line":183},"8":{"name":"(anonymous_8)","decl":{"start":{"line":215,"column":23},"end":{"line":215,"column":24}},"loc":{"start":{"line":215,"column":43},"end":{"line":237,"column":1}},"line":215},"9":{"name":"(anonymous_9)","decl":{"start":{"line":238,"column":19},"end":{"line":238,"column":20}},"loc":{"start":{"line":238,"column":39},"end":{"line":281,"column":1}},"line":238},"10":{"name":"(anonymous_10)","decl":{"start":{"line":244,"column":42},"end":{"line":244,"column":43}},"loc":{"start":{"line":244,"column":63},"end":{"line":253,"column":7}},"line":244},"11":{"name":"(anonymous_11)","decl":{"start":{"line":245,"column":45},"end":{"line":245,"column":46}},"loc":{"start":{"line":245,"column":66},"end":{"line":252,"column":9}},"line":245}},"branchMap":{"0":{"loc":{"start":{"line":25,"column":4},"end":{"line":27,"column":5}},"type":"if","locations":[{"start":{"line":25,"column":4},"end":{"line":27,"column":5}},{"start":{"line":25,"column":4},"end":{"line":27,"column":5}}],"line":25},"1":{"loc":{"start":{"line":31,"column":4},"end":{"line":33,"column":5}},"type":"if","locations":[{"start":{"line":31,"column":4},"end":{"line":33,"column":5}},{"start":{"line":31,"column":4},"end":{"line":33,"column":5}}],"line":31},"2":{"loc":{"start":{"line":36,"column":4},"end":{"line":48,"column":5}},"type":"if","locations":[{"start":{"line":36,"column":4},"end":{"line":48,"column":5}},{"start":{"line":36,"column":4},"end":{"line":48,"column":5}}],"line":36},"3":{"loc":{"start":{"line":45,"column":6},"end":{"line":47,"column":7}},"type":"if","locations":[{"start":{"line":45,"column":6},"end":{"line":47,"column":7}},{"start":{"line":45,"column":6},"end":{"line":47,"column":7}}],"line":45},"4":{"loc":{"start":{"line":63,"column":2},"end":{"line":65,"column":3}},"type":"if","locations":[{"start":{"line":63,"column":2},"end":{"line":65,"column":3}},{"start":{"line":63,"column":2},"end":{"line":65,"column":3}}],"line":63},"5":{"loc":{"start":{"line":63,"column":6},"end":{"line":63,"column":38}},"type":"binary-expr","locations":[{"start":{"line":63,"column":6},"end":{"line":63,"column":20}},{"start":{"line":63,"column":24},"end":{"line":63,"column":38}}],"line":63},"6":{"loc":{"start":{"line":66,"column":2},"end":{"line":68,"column":3}},"type":"if","locations":[{"start":{"line":66,"column":2},"end":{"line":68,"column":3}},{"start":{"line":66,"column":2},"end":{"line":68,"column":3}}],"line":66},"7":{"loc":{"start":{"line":69,"column":2},"end":{"line":71,"column":3}},"type":"if","locations":[{"start":{"line":69,"column":2},"end":{"line":71,"column":3}},{"start":{"line":69,"column":2},"end":{"line":71,"column":3}}],"line":69},"8":{"loc":{"start":{"line":72,"column":2},"end":{"line":74,"column":3}},"type":"if","locations":[{"start":{"line":72,"column":2},"end":{"line":74,"column":3}},{"start":{"line":72,"column":2},"end":{"line":74,"column":3}}],"line":72},"9":{"loc":{"start":{"line":75,"column":2},"end":{"line":77,"column":3}},"type":"if","locations":[{"start":{"line":75,"column":2},"end":{"line":77,"column":3}},{"start":{"line":75,"column":2},"end":{"line":77,"column":3}}],"line":75},"10":{"loc":{"start":{"line":78,"column":2},"end":{"line":80,"column":3}},"type":"if","locations":[{"start":{"line":78,"column":2},"end":{"line":80,"column":3}},{"start":{"line":78,"column":2},"end":{"line":80,"column":3}}],"line":78},"11":{"loc":{"start":{"line":81,"column":2},"end":{"line":83,"column":3}},"type":"if","locations":[{"start":{"line":81,"column":2},"end":{"line":83,"column":3}},{"start":{"line":81,"column":2},"end":{"line":83,"column":3}}],"line":81},"12":{"loc":{"start":{"line":84,"column":2},"end":{"line":86,"column":3}},"type":"if","locations":[{"start":{"line":84,"column":2},"end":{"line":86,"column":3}},{"start":{"line":84,"column":2},"end":{"line":86,"column":3}}],"line":84},"13":{"loc":{"start":{"line":97,"column":4},"end":{"line":99,"column":5}},"type":"if","locations":[{"start":{"line":97,"column":4},"end":{"line":99,"column":5}},{"start":{"line":97,"column":4},"end":{"line":99,"column":5}}],"line":97},"14":{"loc":{"start":{"line":104,"column":4},"end":{"line":106,"column":5}},"type":"if","locations":[{"start":{"line":104,"column":4},"end":{"line":106,"column":5}},{"start":{"line":104,"column":4},"end":{"line":106,"column":5}}],"line":104},"15":{"loc":{"start":{"line":125,"column":4},"end":{"line":127,"column":5}},"type":"if","locations":[{"start":{"line":125,"column":4},"end":{"line":127,"column":5}},{"start":{"line":125,"column":4},"end":{"line":127,"column":5}}],"line":125},"16":{"loc":{"start":{"line":184,"column":4},"end":{"line":187,"column":5}},"type":"if","locations":[{"start":{"line":184,"column":4},"end":{"line":187,"column":5}},{"start":{"line":184,"column":4},"end":{"line":187,"column":5}}],"line":184},"17":{"loc":{"start":{"line":197,"column":6},"end":{"line":199,"column":7}},"type":"if","locations":[{"start":{"line":197,"column":6},"end":{"line":199,"column":7}},{"start":{"line":197,"column":6},"end":{"line":199,"column":7}}],"line":197},"18":{"loc":{"start":{"line":225,"column":4},"end":{"line":227,"column":5}},"type":"if","locations":[{"start":{"line":225,"column":4},"end":{"line":227,"column":5}},{"start":{"line":225,"column":4},"end":{"line":227,"column":5}}],"line":225},"19":{"loc":{"start":{"line":246,"column":10},"end":{"line":251,"column":11}},"type":"if","locations":[{"start":{"line":246,"column":10},"end":{"line":251,"column":11}},{"start":{"line":246,"column":10},"end":{"line":251,"column":11}}],"line":246},"20":{"loc":{"start":{"line":269,"column":4},"end":{"line":271,"column":5}},"type":"if","locations":[{"start":{"line":269,"column":4},"end":{"line":271,"column":5}},{"start":{"line":269,"column":4},"end":{"line":271,"column":5}}],"line":269}},"s":{"0":1,"1":1,"2":1,"3":1,"4":1,"5":1,"6":1,"7":1,"8":1,"9":1,"10":1,"11":0,"12":0,"13":1,"14":0,"15":0,"16":0,"17":0,"18":0,"19":0,"20":0,"21":0,"22":0,"23":0,"24":0,"25":0,"26":0,"27":0,"28":0,"29":0,"30":0,"31":0,"32":1,"33":0,"34":0,"35":0,"36":0,"37":0,"38":0,"39":0,"40":0,"41":0,"42":0,"43":0,"44":0,"45":0,"46":0,"47":0,"48":0,"49":0,"50":0,"51":0,"52":1,"53":0,"54":0,"55":0,"56":0,"57":0,"58":0,"59":0,"60":0,"61":0,"62":0,"63":0,"64":0,"65":0,"66":1,"67":1,"68":0,"69":0,"70":0,"71":0,"72":0,"73":0,"74":0,"75":0,"76":0,"77":0,"78":0,"79":0,"80":0,"81":0,"82":0,"83":0,"84":0,"85":0,"86":0,"87":0,"88":1,"89":0,"90":0,"91":0,"92":0,"93":0,"94":0,"95":0,"96":0,"97":0,"98":0,"99":0,"100":0,"101":0,"102":0,"103":0,"104":0,"105":1,"106":0,"107":0,"108":0,"109":0,"110":0,"111":0,"112":0,"113":0,"114":0,"115":0,"116":0,"117":1,"118":0,"119":0,"120":0,"121":0,"122":0,"123":0,"124":0,"125":0,"126":0,"127":0,"128":0,"129":0,"130":0,"131":0,"132":0,"133":0,"134":0,"135":0,"136":0,"137":0,"138":1},"f":{"0":1,"1":0,"2":0,"3":0,"4":0,"5":0,"6":0,"7":0,"8":0,"9":0,"10":0,"11":0},"b":{"0":[0,0],"1":[0,0],"2":[0,0],"3":[0,0],"4":[0,0],"5":[0,0],"6":[0,0],"7":[0,0],"8":[0,0],"9":[0,0],"10":[0,0],"11":[0,0],"12":[0,0],"13":[0,0],"14":[0,0],"15":[0,0],"16":[0,0],"17":[0,0],"18":[0,0],"19":[0,0],"20":[0,0]},"_coverageSchema":"1a1c01bbd47fc00a2c39e90264f33305004495a9","hash":"358c74f64bd31d3f24e52a8647f7ba56e0bb9504","contentHash":"02c99ef6769fa4c8fb550dfcbad382e0e2fab8b3ba51ccc8b41079ea39c9655a"},"C:\\Users\\fedi0\\OneDrive\\Bureau\\PI DEV TWINERZ\\TWINERZ-ConnectCareerBackend\\models\\user.js":{"path":"C:\\Users\\fedi0\\OneDrive\\Bureau\\PI DEV TWINERZ\\TWINERZ-ConnectCareerBackend\\models\\user.js","statementMap":{"0":{"start":{"line":2,"column":17},"end":{"line":2,"column":36}},"1":{"start":{"line":3,"column":19},"end":{"line":3,"column":42}},"2":{"start":{"line":5,"column":19},"end":{"line":5,"column":27}},"3":{"start":{"line":6,"column":19},"end":{"line":51,"column":2}},"4":{"start":{"line":53,"column":13},"end":{"line":53,"column":47}},"5":{"start":{"line":55,"column":0},"end":{"line":55,"column":22}}},"fnMap":{},"branchMap":{},"s":{"0":1,"1":1,"2":1,"3":1,"4":1,"5":1},"f":{},"b":{},"_coverageSchema":"1a1c01bbd47fc00a2c39e90264f33305004495a9","hash":"c31d84f8d68af3eaf33c60879588c979bbe76a41","contentHash":"90d133374f88c090f5645e22d9395a5f3348ee596582b0b020ccfc03db7c105e"},"C:\\Users\\fedi0\\OneDrive\\Bureau\\PI DEV TWINERZ\\TWINERZ-ConnectCareerBackend\\models\\entreprise.js":{"path":"C:\\Users\\fedi0\\OneDrive\\Bureau\\PI DEV TWINERZ\\TWINERZ-ConnectCareerBackend\\models\\entreprise.js","statementMap":{"0":{"start":{"line":1,"column":17},"end":{"line":1,"column":36}},"1":{"start":{"line":3,"column":19},"end":{"line":3,"column":27}},"2":{"start":{"line":4,"column":25},"end":{"line":30,"column":2}},"3":{"start":{"line":32,"column":19},"end":{"line":32,"column":65}},"4":{"start":{"line":34,"column":0},"end":{"line":34,"column":28}}},"fnMap":{},"branchMap":{},"s":{"0":1,"1":1,"2":1,"3":1,"4":1},"f":{},"b":{},"_coverageSchema":"1a1c01bbd47fc00a2c39e90264f33305004495a9","hash":"5b2a9b3036d535d8f7ba1afc23796a4c63a30d05","contentHash":"6fb83b0a4889718837613e2dd42f1e765dbe8fe0183a2102b8cc712d6477a085"},"C:\\Users\\fedi0\\OneDrive\\Bureau\\PI DEV TWINERZ\\TWINERZ-ConnectCareerBackend\\models\\education.js":{"path":"C:\\Users\\fedi0\\OneDrive\\Bureau\\PI DEV TWINERZ\\TWINERZ-ConnectCareerBackend\\models\\education.js","statementMap":{"0":{"start":{"line":1,"column":17},"end":{"line":1,"column":36}},"1":{"start":{"line":3,"column":19},"end":{"line":3,"column":27}},"2":{"start":{"line":4,"column":24},"end":{"line":14,"column":2}},"3":{"start":{"line":16,"column":18},"end":{"line":16,"column":62}},"4":{"start":{"line":18,"column":0},"end":{"line":18,"column":27}}},"fnMap":{},"branchMap":{},"s":{"0":1,"1":1,"2":1,"3":1,"4":1},"f":{},"b":{},"_coverageSchema":"1a1c01bbd47fc00a2c39e90264f33305004495a9","hash":"a3a243c6f5059f4606270edb9eb29363df622a4e","contentHash":"6a6a3a5afc49e60b308d1c65d3093a44a9180ec7b5af1a210b3a9e6b25db9973"},"C:\\Users\\fedi0\\OneDrive\\Bureau\\PI DEV TWINERZ\\TWINERZ-ConnectCareerBackend\\services\\testedservices\\services.js":{"path":"C:\\Users\\fedi0\\OneDrive\\Bureau\\PI DEV TWINERZ\\TWINERZ-ConnectCareerBackend\\services\\testedservices\\services.js","statementMap":{"0":{"start":{"line":1,"column":19},"end":{"line":1,"column":53}},"1":{"start":{"line":2,"column":18},"end":{"line":2,"column":51}},"2":{"start":{"line":3,"column":13},"end":{"line":3,"column":41}},"3":{"start":{"line":7,"column":2},"end":{"line":18,"column":3}},"4":{"start":{"line":8,"column":23},"end":{"line":8,"column":62}},"5":{"start":{"line":10,"column":4},"end":{"line":12,"column":5}},"6":{"start":{"line":11,"column":6},"end":{"line":11,"column":46}},"7":{"start":{"line":14,"column":4},"end":{"line":14,"column":22}},"8":{"start":{"line":16,"column":4},"end":{"line":16,"column":25}},"9":{"start":{"line":17,"column":4},"end":{"line":17,"column":36}},"10":{"start":{"line":22,"column":2},"end":{"line":28,"column":3}},"11":{"start":{"line":23,"column":22},"end":{"line":23,"column":54}},"12":{"start":{"line":24,"column":4},"end":{"line":24,"column":21}},"13":{"start":{"line":26,"column":4},"end":{"line":26,"column":25}},"14":{"start":{"line":27,"column":4},"end":{"line":27,"column":45}},"15":{"start":{"line":31,"column":2},"end":{"line":40,"column":3}},"16":{"start":{"line":32,"column":23},"end":{"line":34,"column":6}},"17":{"start":{"line":35,"column":4},"end":{"line":35,"column":22}},"18":{"start":{"line":37,"column":4},"end":{"line":37,"column":65}},"19":{"start":{"line":39,"column":4},"end":{"line":39,"column":46}},"20":{"start":{"line":44,"column":4},"end":{"line":53,"column":5}},"21":{"start":{"line":45,"column":26},"end":{"line":47,"column":8}},"22":{"start":{"line":48,"column":6},"end":{"line":48,"column":25}},"23":{"start":{"line":50,"column":6},"end":{"line":50,"column":68}},"24":{"start":{"line":52,"column":6},"end":{"line":52,"column":48}},"25":{"start":{"line":55,"column":4},"end":{"line":60,"column":4}}},"fnMap":{"0":{"name":"getEntrepriseDetails","decl":{"start":{"line":6,"column":15},"end":{"line":6,"column":35}},"loc":{"start":{"line":6,"column":50},"end":{"line":19,"column":1}},"line":6},"1":{"name":"getRecruiterDetails","decl":{"start":{"line":21,"column":15},"end":{"line":21,"column":34}},"loc":{"start":{"line":21,"column":48},"end":{"line":29,"column":1}},"line":21},"2":{"name":"getListOfEducation","decl":{"start":{"line":30,"column":15},"end":{"line":30,"column":33}},"loc":{"start":{"line":30,"column":42},"end":{"line":41,"column":1}},"line":30},"3":{"name":"getListOfExperience","decl":{"start":{"line":43,"column":17},"end":{"line":43,"column":36}},"loc":{"start":{"line":43,"column":45},"end":{"line":54,"column":3}},"line":43}},"branchMap":{"0":{"loc":{"start":{"line":10,"column":4},"end":{"line":12,"column":5}},"type":"if","locations":[{"start":{"line":10,"column":4},"end":{"line":12,"column":5}},{"start":{"line":10,"column":4},"end":{"line":12,"column":5}}],"line":10}},"s":{"0":1,"1":1,"2":1,"3":2,"4":2,"5":2,"6":1,"7":1,"8":1,"9":1,"10":2,"11":2,"12":1,"13":1,"14":1,"15":2,"16":2,"17":0,"18":2,"19":2,"20":2,"21":2,"22":0,"23":2,"24":2,"25":1},"f":{"0":2,"1":2,"2":2,"3":2},"b":{"0":[1,1]},"_coverageSchema":"1a1c01bbd47fc00a2c39e90264f33305004495a9","hash":"6ad0db0edeaf6cf77ba0e16276de47cd280f2537","contentHash":"b0de5cec7adfadb0244d23136bf4e4442284f82212428016fec3cd557f8de808"},"C:\\Users\\fedi0\\OneDrive\\Bureau\\PI DEV TWINERZ\\TWINERZ-ConnectCareerBackend\\services\\education.js":{"path":"C:\\Users\\fedi0\\OneDrive\\Bureau\\PI DEV TWINERZ\\TWINERZ-ConnectCareerBackend\\services\\education.js","statementMap":{"0":{"start":{"line":1,"column":18},"end":{"line":1,"column":48}},"1":{"start":{"line":2,"column":13},"end":{"line":2,"column":38}},"2":{"start":{"line":4,"column":24},"end":{"line":45,"column":1}},"3":{"start":{"line":5,"column":2},"end":{"line":44,"column":3}},"4":{"start":{"line":8,"column":8},"end":{"line":8,"column":16}},"5":{"start":{"line":9,"column":22},"end":{"line":9,"column":24}},"6":{"start":{"line":10,"column":4},"end":{"line":10,"column":42}},"7":{"start":{"line":11,"column":4},"end":{"line":25,"column":5}},"8":{"start":{"line":12,"column":30},"end":{"line":12,"column":54}},"9":{"start":{"line":13,"column":32},"end":{"line":13,"column":56}},"10":{"start":{"line":14,"column":25},"end":{"line":14,"column":38}},"11":{"start":{"line":15,"column":23},"end":{"line":15,"column":51}},"12":{"start":{"line":16,"column":27},"end":{"line":16,"column":54}},"13":{"start":{"line":17,"column":36},"end":{"line":17,"column":72}},"14":{"start":{"line":18,"column":6},"end":{"line":20,"column":8}},"15":{"start":{"line":21,"column":26},"end":{"line":23,"column":56}},"16":{"start":{"line":24,"column":6},"end":{"line":24,"column":32}},"17":{"start":{"line":26,"column":17},"end":{"line":26,"column":53}},"18":{"start":{"line":27,"column":4},"end":{"line":27,"column":29}},"19":{"start":{"line":28,"column":4},"end":{"line":28,"column":22}},"20":{"start":{"line":29,"column":25},"end":{"line":36,"column":6}},"21":{"start":{"line":37,"column":4},"end":{"line":37,"column":30}},"22":{"start":{"line":38,"column":4},"end":{"line":38,"column":69}},"23":{"start":{"line":40,"column":4},"end":{"line":40,"column":25}},"24":{"start":{"line":41,"column":4},"end":{"line":43,"column":7}},"25":{"start":{"line":47,"column":27},"end":{"line":58,"column":1}},"26":{"start":{"line":48,"column":21},"end":{"line":48,"column":31}},"27":{"start":{"line":49,"column":2},"end":{"line":57,"column":3}},"28":{"start":{"line":50,"column":23},"end":{"line":52,"column":6}},"29":{"start":{"line":53,"column":4},"end":{"line":53,"column":25}},"30":{"start":{"line":55,"column":4},"end":{"line":55,"column":25}},"31":{"start":{"line":56,"column":4},"end":{"line":56,"column":61}},"32":{"start":{"line":60,"column":31},"end":{"line":74,"column":1}},"33":{"start":{"line":61,"column":17},"end":{"line":61,"column":27}},"34":{"start":{"line":62,"column":2},"end":{"line":73,"column":3}},"35":{"start":{"line":63,"column":23},"end":{"line":63,"column":51}},"36":{"start":{"line":65,"column":4},"end":{"line":67,"column":5}},"37":{"start":{"line":66,"column":6},"end":{"line":66,"column":68}},"38":{"start":{"line":69,"column":4},"end":{"line":69,"column":25}},"39":{"start":{"line":71,"column":4},"end":{"line":71,"column":25}},"40":{"start":{"line":72,"column":4},"end":{"line":72,"column":61}},"41":{"start":{"line":76,"column":28},"end":{"line":91,"column":1}},"42":{"start":{"line":77,"column":26},"end":{"line":77,"column":36}},"43":{"start":{"line":79,"column":2},"end":{"line":90,"column":3}},"44":{"start":{"line":80,"column":29},"end":{"line":80,"column":75}},"45":{"start":{"line":82,"column":4},"end":{"line":84,"column":5}},"46":{"start":{"line":83,"column":6},"end":{"line":83,"column":68}},"47":{"start":{"line":86,"column":4},"end":{"line":86,"column":78}},"48":{"start":{"line":88,"column":4},"end":{"line":88,"column":25}},"49":{"start":{"line":89,"column":4},"end":{"line":89,"column":61}},"50":{"start":{"line":93,"column":24},"end":{"line":163,"column":1}},"51":{"start":{"line":94,"column":2},"end":{"line":162,"column":3}},"52":{"start":{"line":95,"column":52},"end":{"line":95,"column":60}},"53":{"start":{"line":97,"column":22},"end":{"line":97,"column":24}},"54":{"start":{"line":100,"column":4},"end":{"line":122,"column":5}},"55":{"start":{"line":101,"column":30},"end":{"line":101,"column":57}},"56":{"start":{"line":102,"column":32},"end":{"line":102,"column":56}},"57":{"start":{"line":104,"column":25},"end":{"line":104,"column":38}},"58":{"start":{"line":105,"column":23},"end":{"line":105,"column":51}},"59":{"start":{"line":106,"column":27},"end":{"line":106,"column":54}},"60":{"start":{"line":108,"column":36},"end":{"line":108,"column":72}},"61":{"start":{"line":110,"column":6},"end":{"line":112,"column":8}},"62":{"start":{"line":115,"column":6},"end":{"line":118,"column":9}},"63":{"start":{"line":116,"column":8},"end":{"line":116,"column":43}},"64":{"start":{"line":117,"column":8},"end":{"line":117,"column":41}},"65":{"start":{"line":121,"column":6},"end":{"line":121,"column":143}},"66":{"start":{"line":125,"column":24},"end":{"line":125,"column":46}},"67":{"start":{"line":128,"column":30},"end":{"line":128,"column":67}},"68":{"start":{"line":130,"column":4},"end":{"line":132,"column":5}},"69":{"start":{"line":131,"column":6},"end":{"line":131,"column":70}},"70":{"start":{"line":135,"column":4},"end":{"line":137,"column":5}},"71":{"start":{"line":136,"column":6},"end":{"line":136,"column":44}},"72":{"start":{"line":138,"column":4},"end":{"line":140,"column":5}},"73":{"start":{"line":139,"column":6},"end":{"line":139,"column":42}},"74":{"start":{"line":141,"column":4},"end":{"line":143,"column":5}},"75":{"start":{"line":142,"column":6},"end":{"line":142,"column":46}},"76":{"start":{"line":144,"column":4},"end":{"line":146,"column":5}},"77":{"start":{"line":145,"column":6},"end":{"line":145,"column":38}},"78":{"start":{"line":149,"column":4},"end":{"line":151,"column":5}},"79":{"start":{"line":150,"column":6},"end":{"line":150,"column":50}},"80":{"start":{"line":154,"column":4},"end":{"line":154,"column":35}},"81":{"start":{"line":156,"column":4},"end":{"line":156,"column":72}},"82":{"start":{"line":158,"column":4},"end":{"line":158,"column":54}},"83":{"start":{"line":159,"column":4},"end":{"line":161,"column":75}},"84":{"start":{"line":165,"column":0},"end":{"line":171,"column":2}}},"fnMap":{"0":{"name":"(anonymous_0)","decl":{"start":{"line":4,"column":24},"end":{"line":4,"column":25}},"loc":{"start":{"line":4,"column":51},"end":{"line":45,"column":1}},"line":4},"1":{"name":"(anonymous_1)","decl":{"start":{"line":47,"column":27},"end":{"line":47,"column":28}},"loc":{"start":{"line":47,"column":47},"end":{"line":58,"column":1}},"line":47},"2":{"name":"(anonymous_2)","decl":{"start":{"line":60,"column":31},"end":{"line":60,"column":32}},"loc":{"start":{"line":60,"column":51},"end":{"line":74,"column":1}},"line":60},"3":{"name":"(anonymous_3)","decl":{"start":{"line":76,"column":28},"end":{"line":76,"column":29}},"loc":{"start":{"line":76,"column":48},"end":{"line":91,"column":1}},"line":76},"4":{"name":"(anonymous_4)","decl":{"start":{"line":93,"column":24},"end":{"line":93,"column":25}},"loc":{"start":{"line":93,"column":51},"end":{"line":163,"column":1}},"line":93},"5":{"name":"(anonymous_5)","decl":{"start":{"line":115,"column":24},"end":{"line":115,"column":25}},"loc":{"start":{"line":115,"column":45},"end":{"line":118,"column":7}},"line":115}},"branchMap":{"0":{"loc":{"start":{"line":11,"column":4},"end":{"line":25,"column":5}},"type":"if","locations":[{"start":{"line":11,"column":4},"end":{"line":25,"column":5}},{"start":{"line":11,"column":4},"end":{"line":25,"column":5}}],"line":11},"1":{"loc":{"start":{"line":11,"column":8},"end":{"line":11,"column":70}},"type":"binary-expr","locations":[{"start":{"line":11,"column":8},"end":{"line":11,"column":17}},{"start":{"line":11,"column":21},"end":{"line":11,"column":42}},{"start":{"line":11,"column":46},"end":{"line":11,"column":70}}],"line":11},"2":{"loc":{"start":{"line":65,"column":4},"end":{"line":67,"column":5}},"type":"if","locations":[{"start":{"line":65,"column":4},"end":{"line":67,"column":5}},{"start":{"line":65,"column":4},"end":{"line":67,"column":5}}],"line":65},"3":{"loc":{"start":{"line":65,"column":8},"end":{"line":65,"column":46}},"type":"binary-expr","locations":[{"start":{"line":65,"column":8},"end":{"line":65,"column":19}},{"start":{"line":65,"column":23},"end":{"line":65,"column":46}}],"line":65},"4":{"loc":{"start":{"line":82,"column":4},"end":{"line":84,"column":5}},"type":"if","locations":[{"start":{"line":82,"column":4},"end":{"line":84,"column":5}},{"start":{"line":82,"column":4},"end":{"line":84,"column":5}}],"line":82},"5":{"loc":{"start":{"line":100,"column":4},"end":{"line":122,"column":5}},"type":"if","locations":[{"start":{"line":100,"column":4},"end":{"line":122,"column":5}},{"start":{"line":100,"column":4},"end":{"line":122,"column":5}}],"line":100},"6":{"loc":{"start":{"line":100,"column":8},"end":{"line":100,"column":76}},"type":"binary-expr","locations":[{"start":{"line":100,"column":8},"end":{"line":100,"column":17}},{"start":{"line":100,"column":21},"end":{"line":100,"column":45}},{"start":{"line":100,"column":49},"end":{"line":100,"column":76}}],"line":100},"7":{"loc":{"start":{"line":130,"column":4},"end":{"line":132,"column":5}},"type":"if","locations":[{"start":{"line":130,"column":4},"end":{"line":132,"column":5}},{"start":{"line":130,"column":4},"end":{"line":132,"column":5}}],"line":130},"8":{"loc":{"start":{"line":135,"column":4},"end":{"line":137,"column":5}},"type":"if","locations":[{"start":{"line":135,"column":4},"end":{"line":137,"column":5}},{"start":{"line":135,"column":4},"end":{"line":137,"column":5}}],"line":135},"9":{"loc":{"start":{"line":138,"column":4},"end":{"line":140,"column":5}},"type":"if","locations":[{"start":{"line":138,"column":4},"end":{"line":140,"column":5}},{"start":{"line":138,"column":4},"end":{"line":140,"column":5}}],"line":138},"10":{"loc":{"start":{"line":141,"column":4},"end":{"line":143,"column":5}},"type":"if","locations":[{"start":{"line":141,"column":4},"end":{"line":143,"column":5}},{"start":{"line":141,"column":4},"end":{"line":143,"column":5}}],"line":141},"11":{"loc":{"start":{"line":144,"column":4},"end":{"line":146,"column":5}},"type":"if","locations":[{"start":{"line":144,"column":4},"end":{"line":146,"column":5}},{"start":{"line":144,"column":4},"end":{"line":146,"column":5}}],"line":144},"12":{"loc":{"start":{"line":149,"column":4},"end":{"line":151,"column":5}},"type":"if","locations":[{"start":{"line":149,"column":4},"end":{"line":151,"column":5}},{"start":{"line":149,"column":4},"end":{"line":151,"column":5}}],"line":149}},"s":{"0":1,"1":1,"2":1,"3":0,"4":0,"5":0,"6":0,"7":0,"8":0,"9":0,"10":0,"11":0,"12":0,"13":0,"14":0,"15":0,"16":0,"17":0,"18":0,"19":0,"20":0,"21":0,"22":0,"23":0,"24":0,"25":1,"26":0,"27":0,"28":0,"29":0,"30":0,"31":0,"32":1,"33":3,"34":3,"35":3,"36":2,"37":1,"38":1,"39":1,"40":1,"41":1,"42":3,"43":3,"44":3,"45":2,"46":1,"47":1,"48":1,"49":1,"50":1,"51":0,"52":0,"53":0,"54":0,"55":0,"56":0,"57":0,"58":0,"59":0,"60":0,"61":0,"62":0,"63":0,"64":0,"65":0,"66":0,"67":0,"68":0,"69":0,"70":0,"71":0,"72":0,"73":0,"74":0,"75":0,"76":0,"77":0,"78":0,"79":0,"80":0,"81":0,"82":0,"83":0,"84":1},"f":{"0":0,"1":0,"2":3,"3":3,"4":0,"5":0},"b":{"0":[0,0],"1":[0,0,0],"2":[1,1],"3":[2,1],"4":[1,1],"5":[0,0],"6":[0,0,0],"7":[0,0],"8":[0,0],"9":[0,0],"10":[0,0],"11":[0,0],"12":[0,0]},"_coverageSchema":"1a1c01bbd47fc00a2c39e90264f33305004495a9","hash":"2585fd3c8f2782b1dee1288ee5e264dc47afdf48","contentHash":"506ddeabfd83e8799d85776b27203f9e1fbf720dc01d36251c8579d52b7c9673"},"C:\\Users\\fedi0\\OneDrive\\Bureau\\PI DEV TWINERZ\\TWINERZ-ConnectCareerBackend\\services\\entrepriseService.js":{"path":"C:\\Users\\fedi0\\OneDrive\\Bureau\\PI DEV TWINERZ\\TWINERZ-ConnectCareerBackend\\services\\entrepriseService.js","statementMap":{"0":{"start":{"line":1,"column":19},"end":{"line":1,"column":50}},"1":{"start":{"line":2,"column":12},"end":{"line":2,"column":36}},"2":{"start":{"line":3,"column":13},"end":{"line":3,"column":38}},"3":{"start":{"line":6,"column":2},"end":{"line":14,"column":3}},"4":{"start":{"line":7,"column":23},"end":{"line":9,"column":5}},"5":{"start":{"line":12,"column":4},"end":{"line":12,"column":25}},"6":{"start":{"line":13,"column":4},"end":{"line":13,"column":45}},"7":{"start":{"line":17,"column":2},"end":{"line":23,"column":3}},"8":{"start":{"line":18,"column":4},"end":{"line":18,"column":35}},"9":{"start":{"line":21,"column":4},"end":{"line":21,"column":25}},"10":{"start":{"line":22,"column":4},"end":{"line":22,"column":45}},"11":{"start":{"line":26,"column":2},"end":{"line":46,"column":3}},"12":{"start":{"line":28,"column":23},"end":{"line":28,"column":80}},"13":{"start":{"line":30,"column":4},"end":{"line":32,"column":5}},"14":{"start":{"line":31,"column":6},"end":{"line":31,"column":71}},"15":{"start":{"line":34,"column":28},"end":{"line":34,"column":76}},"16":{"start":{"line":36,"column":4},"end":{"line":40,"column":5}},"17":{"start":{"line":37,"column":6},"end":{"line":37,"column":65}},"18":{"start":{"line":39,"column":6},"end":{"line":39,"column":64}},"19":{"start":{"line":42,"column":4},"end":{"line":42,"column":49}},"20":{"start":{"line":44,"column":4},"end":{"line":44,"column":25}},"21":{"start":{"line":45,"column":4},"end":{"line":45,"column":54}},"22":{"start":{"line":50,"column":2},"end":{"line":62,"column":3}},"23":{"start":{"line":52,"column":23},"end":{"line":52,"column":71}},"24":{"start":{"line":54,"column":4},"end":{"line":56,"column":5}},"25":{"start":{"line":55,"column":6},"end":{"line":55,"column":71}},"26":{"start":{"line":58,"column":4},"end":{"line":58,"column":22}},"27":{"start":{"line":60,"column":4},"end":{"line":60,"column":25}},"28":{"start":{"line":61,"column":4},"end":{"line":61,"column":54}},"29":{"start":{"line":67,"column":2},"end":{"line":94,"column":3}},"30":{"start":{"line":68,"column":23},"end":{"line":68,"column":70}},"31":{"start":{"line":69,"column":4},"end":{"line":69,"column":54}},"32":{"start":{"line":70,"column":4},"end":{"line":83,"column":5}},"33":{"start":{"line":71,"column":6},"end":{"line":71,"column":42}},"34":{"start":{"line":72,"column":30},"end":{"line":72,"column":54}},"35":{"start":{"line":73,"column":32},"end":{"line":73,"column":56}},"36":{"start":{"line":74,"column":36},"end":{"line":76,"column":7}},"37":{"start":{"line":77,"column":6},"end":{"line":79,"column":8}},"38":{"start":{"line":80,"column":6},"end":{"line":80,"column":124}},"39":{"start":{"line":81,"column":6},"end":{"line":81,"column":43}},"40":{"start":{"line":82,"column":6},"end":{"line":82,"column":30}},"41":{"start":{"line":84,"column":4},"end":{"line":84,"column":43}},"42":{"start":{"line":85,"column":29},"end":{"line":89,"column":5}},"43":{"start":{"line":92,"column":4},"end":{"line":92,"column":25}},"44":{"start":{"line":93,"column":4},"end":{"line":93,"column":54}},"45":{"start":{"line":100,"column":6},"end":{"line":100,"column":14}},"46":{"start":{"line":101,"column":2},"end":{"line":126,"column":3}},"47":{"start":{"line":102,"column":4},"end":{"line":112,"column":5}},"48":{"start":{"line":103,"column":30},"end":{"line":103,"column":54}},"49":{"start":{"line":104,"column":32},"end":{"line":104,"column":56}},"50":{"start":{"line":105,"column":36},"end":{"line":107,"column":7}},"51":{"start":{"line":108,"column":6},"end":{"line":110,"column":8}},"52":{"start":{"line":111,"column":6},"end":{"line":111,"column":124}},"53":{"start":{"line":113,"column":23},"end":{"line":120,"column":6}},"54":{"start":{"line":122,"column":4},"end":{"line":122,"column":28}},"55":{"start":{"line":124,"column":4},"end":{"line":124,"column":25}},"56":{"start":{"line":125,"column":4},"end":{"line":125,"column":54}},"57":{"start":{"line":129,"column":0},"end":{"line":136,"column":2}}},"fnMap":{"0":{"name":"getListeEntreprise","decl":{"start":{"line":5,"column":15},"end":{"line":5,"column":33}},"loc":{"start":{"line":5,"column":36},"end":{"line":15,"column":1}},"line":5},"1":{"name":"getAllEntreprise","decl":{"start":{"line":16,"column":15},"end":{"line":16,"column":31}},"loc":{"start":{"line":16,"column":34},"end":{"line":24,"column":1}},"line":16},"2":{"name":"getEntrepriseDetails","decl":{"start":{"line":25,"column":15},"end":{"line":25,"column":35}},"loc":{"start":{"line":25,"column":50},"end":{"line":47,"column":1}},"line":25},"3":{"name":"getEntrepriseTech","decl":{"start":{"line":49,"column":15},"end":{"line":49,"column":32}},"loc":{"start":{"line":49,"column":35},"end":{"line":63,"column":1}},"line":49},"4":{"name":"UpdateEntreprise","decl":{"start":{"line":65,"column":15},"end":{"line":65,"column":31}},"loc":{"start":{"line":65,"column":49},"end":{"line":95,"column":1}},"line":65},"5":{"name":"CreateEntreprise","decl":{"start":{"line":97,"column":15},"end":{"line":97,"column":31}},"loc":{"start":{"line":97,"column":49},"end":{"line":127,"column":1}},"line":97}},"branchMap":{"0":{"loc":{"start":{"line":30,"column":4},"end":{"line":32,"column":5}},"type":"if","locations":[{"start":{"line":30,"column":4},"end":{"line":32,"column":5}},{"start":{"line":30,"column":4},"end":{"line":32,"column":5}}],"line":30},"1":{"loc":{"start":{"line":36,"column":4},"end":{"line":40,"column":5}},"type":"if","locations":[{"start":{"line":36,"column":4},"end":{"line":40,"column":5}},{"start":{"line":36,"column":4},"end":{"line":40,"column":5}}],"line":36},"2":{"loc":{"start":{"line":54,"column":4},"end":{"line":56,"column":5}},"type":"if","locations":[{"start":{"line":54,"column":4},"end":{"line":56,"column":5}},{"start":{"line":54,"column":4},"end":{"line":56,"column":5}}],"line":54},"3":{"loc":{"start":{"line":70,"column":4},"end":{"line":83,"column":5}},"type":"if","locations":[{"start":{"line":70,"column":4},"end":{"line":83,"column":5}},{"start":{"line":70,"column":4},"end":{"line":83,"column":5}}],"line":70},"4":{"loc":{"start":{"line":102,"column":4},"end":{"line":112,"column":5}},"type":"if","locations":[{"start":{"line":102,"column":4},"end":{"line":112,"column":5}},{"start":{"line":102,"column":4},"end":{"line":112,"column":5}}],"line":102}},"s":{"0":1,"1":1,"2":1,"3":1,"4":1,"5":0,"6":0,"7":0,"8":0,"9":0,"10":0,"11":0,"12":0,"13":0,"14":0,"15":0,"16":0,"17":0,"18":0,"19":0,"20":0,"21":0,"22":0,"23":0,"24":0,"25":0,"26":0,"27":0,"28":0,"29":0,"30":0,"31":0,"32":0,"33":0,"34":0,"35":0,"36":0,"37":0,"38":0,"39":0,"40":0,"41":0,"42":0,"43":0,"44":0,"45":0,"46":0,"47":0,"48":0,"49":0,"50":0,"51":0,"52":0,"53":0,"54":0,"55":0,"56":0,"57":1},"f":{"0":1,"1":0,"2":0,"3":0,"4":0,"5":0},"b":{"0":[0,0],"1":[0,0],"2":[0,0],"3":[0,0],"4":[0,0]},"_coverageSchema":"1a1c01bbd47fc00a2c39e90264f33305004495a9","hash":"8292244f207dd343a6651c9567139d89bbc8334c","contentHash":"936ac8cb9330fd4b91cf3183fc0ba23c771f6c3278725167d5b848462f68234f"},"C:\\Users\\fedi0\\OneDrive\\Bureau\\PI DEV TWINERZ\\TWINERZ-ConnectCareerBackend\\models\\job.js":{"path":"C:\\Users\\fedi0\\OneDrive\\Bureau\\PI DEV TWINERZ\\TWINERZ-ConnectCareerBackend\\models\\job.js","statementMap":{"0":{"start":{"line":1,"column":17},"end":{"line":1,"column":36}},"1":{"start":{"line":3,"column":19},"end":{"line":3,"column":27}},"2":{"start":{"line":4,"column":18},"end":{"line":50,"column":2}},"3":{"start":{"line":52,"column":12},"end":{"line":52,"column":44}},"4":{"start":{"line":54,"column":0},"end":{"line":54,"column":21}}},"fnMap":{},"branchMap":{},"s":{"0":1,"1":1,"2":1,"3":1,"4":1},"f":{},"b":{},"_coverageSchema":"1a1c01bbd47fc00a2c39e90264f33305004495a9","hash":"a82661c19ee0d62c8ed35ed903c9d360a837542c","contentHash":"139605ea34f83d3560036f09af287abfe7d95bb5842dc2e846c5ce43f28f68de"},"C:\\Users\\fedi0\\OneDrive\\Bureau\\PI DEV TWINERZ\\TWINERZ-ConnectCareerBackend\\models\\experience.js":{"path":"C:\\Users\\fedi0\\OneDrive\\Bureau\\PI DEV TWINERZ\\TWINERZ-ConnectCareerBackend\\models\\experience.js","statementMap":{"0":{"start":{"line":1,"column":17},"end":{"line":1,"column":36}},"1":{"start":{"line":3,"column":19},"end":{"line":3,"column":27}},"2":{"start":{"line":4,"column":25},"end":{"line":19,"column":2}},"3":{"start":{"line":21,"column":19},"end":{"line":21,"column":65}},"4":{"start":{"line":23,"column":0},"end":{"line":23,"column":28}}},"fnMap":{},"branchMap":{},"s":{"0":1,"1":1,"2":1,"3":1,"4":1},"f":{},"b":{},"_coverageSchema":"1a1c01bbd47fc00a2c39e90264f33305004495a9","hash":"df35ca709c4cae0f458f5e2940814b440845bbc5","contentHash":"f238d50b7ba56fa6d3a6e1e05c6e92da1409d084453fe9fae408243b348d5bea"},"C:\\Users\\fedi0\\OneDrive\\Bureau\\PI DEV TWINERZ\\TWINERZ-ConnectCareerBackend\\services\\experience.js":{"path":"C:\\Users\\fedi0\\OneDrive\\Bureau\\PI DEV TWINERZ\\TWINERZ-ConnectCareerBackend\\services\\experience.js","statementMap":{"0":{"start":{"line":1,"column":19},"end":{"line":1,"column":50}},"1":{"start":{"line":3,"column":28},"end":{"line":28,"column":1}},"2":{"start":{"line":4,"column":2},"end":{"line":27,"column":3}},"3":{"start":{"line":5,"column":21},"end":{"line":5,"column":29}},"4":{"start":{"line":8,"column":29},"end":{"line":8,"column":39}},"5":{"start":{"line":10,"column":31},"end":{"line":10,"column":70}},"6":{"start":{"line":11,"column":4},"end":{"line":13,"column":5}},"7":{"start":{"line":12,"column":6},"end":{"line":12,"column":71}},"8":{"start":{"line":15,"column":4},"end":{"line":17,"column":5}},"9":{"start":{"line":16,"column":6},"end":{"line":16,"column":37}},"10":{"start":{"line":19,"column":4},"end":{"line":19,"column":36}},"11":{"start":{"line":21,"column":4},"end":{"line":21,"column":73}},"12":{"start":{"line":23,"column":4},"end":{"line":23,"column":25}},"13":{"start":{"line":24,"column":4},"end":{"line":26,"column":76}},"14":{"start":{"line":30,"column":25},"end":{"line":88,"column":1}},"15":{"start":{"line":31,"column":2},"end":{"line":87,"column":3}},"16":{"start":{"line":41,"column":8},"end":{"line":41,"column":16}},"17":{"start":{"line":43,"column":22},"end":{"line":43,"column":26}},"18":{"start":{"line":45,"column":4},"end":{"line":64,"column":5}},"19":{"start":{"line":46,"column":30},"end":{"line":46,"column":54}},"20":{"start":{"line":47,"column":32},"end":{"line":47,"column":56}},"21":{"start":{"line":50,"column":25},"end":{"line":50,"column":38}},"22":{"start":{"line":51,"column":23},"end":{"line":51,"column":51}},"23":{"start":{"line":52,"column":27},"end":{"line":52,"column":54}},"24":{"start":{"line":54,"column":36},"end":{"line":54,"column":72}},"25":{"start":{"line":56,"column":6},"end":{"line":58,"column":8}},"26":{"start":{"line":60,"column":26},"end":{"line":62,"column":56}},"27":{"start":{"line":63,"column":6},"end":{"line":63,"column":32}},"28":{"start":{"line":66,"column":26},"end":{"line":77,"column":6}},"29":{"start":{"line":79,"column":4},"end":{"line":79,"column":31}},"30":{"start":{"line":81,"column":4},"end":{"line":81,"column":70}},"31":{"start":{"line":83,"column":4},"end":{"line":83,"column":25}},"32":{"start":{"line":84,"column":4},"end":{"line":86,"column":7}},"33":{"start":{"line":90,"column":29},"end":{"line":104,"column":1}},"34":{"start":{"line":91,"column":27},"end":{"line":91,"column":37}},"35":{"start":{"line":93,"column":2},"end":{"line":103,"column":3}},"36":{"start":{"line":94,"column":30},"end":{"line":94,"column":78}},"37":{"start":{"line":95,"column":4},"end":{"line":97,"column":5}},"38":{"start":{"line":96,"column":6},"end":{"line":96,"column":69}},"39":{"start":{"line":99,"column":4},"end":{"line":99,"column":80}},"40":{"start":{"line":101,"column":4},"end":{"line":101,"column":25}},"41":{"start":{"line":102,"column":4},"end":{"line":102,"column":61}},"42":{"start":{"line":106,"column":25},"end":{"line":183,"column":1}},"43":{"start":{"line":107,"column":2},"end":{"line":182,"column":3}},"44":{"start":{"line":117,"column":8},"end":{"line":117,"column":16}},"45":{"start":{"line":120,"column":34},"end":{"line":120,"column":96}},"46":{"start":{"line":122,"column":22},"end":{"line":122,"column":24}},"47":{"start":{"line":123,"column":4},"end":{"line":139,"column":5}},"48":{"start":{"line":124,"column":30},"end":{"line":124,"column":54}},"49":{"start":{"line":125,"column":32},"end":{"line":125,"column":56}},"50":{"start":{"line":126,"column":25},"end":{"line":126,"column":38}},"51":{"start":{"line":127,"column":23},"end":{"line":127,"column":51}},"52":{"start":{"line":128,"column":27},"end":{"line":128,"column":54}},"53":{"start":{"line":129,"column":36},"end":{"line":129,"column":72}},"54":{"start":{"line":131,"column":6},"end":{"line":133,"column":8}},"55":{"start":{"line":135,"column":26},"end":{"line":137,"column":56}},"56":{"start":{"line":138,"column":6},"end":{"line":138,"column":32}},"57":{"start":{"line":141,"column":29},"end":{"line":141,"column":39}},"58":{"start":{"line":142,"column":31},"end":{"line":142,"column":70}},"59":{"start":{"line":143,"column":4},"end":{"line":145,"column":5}},"60":{"start":{"line":144,"column":6},"end":{"line":144,"column":71}},"61":{"start":{"line":147,"column":4},"end":{"line":149,"column":5}},"62":{"start":{"line":148,"column":6},"end":{"line":148,"column":57}},"63":{"start":{"line":150,"column":4},"end":{"line":152,"column":5}},"64":{"start":{"line":151,"column":6},"end":{"line":151,"column":57}},"65":{"start":{"line":153,"column":4},"end":{"line":155,"column":5}},"66":{"start":{"line":154,"column":6},"end":{"line":154,"column":37}},"67":{"start":{"line":156,"column":4},"end":{"line":158,"column":5}},"68":{"start":{"line":157,"column":6},"end":{"line":157,"column":57}},"69":{"start":{"line":159,"column":4},"end":{"line":161,"column":5}},"70":{"start":{"line":160,"column":6},"end":{"line":160,"column":47}},"71":{"start":{"line":162,"column":4},"end":{"line":164,"column":5}},"72":{"start":{"line":163,"column":6},"end":{"line":163,"column":39}},"73":{"start":{"line":165,"column":4},"end":{"line":167,"column":5}},"74":{"start":{"line":166,"column":6},"end":{"line":166,"column":63}},"75":{"start":{"line":168,"column":4},"end":{"line":170,"column":5}},"76":{"start":{"line":169,"column":6},"end":{"line":169,"column":51}},"77":{"start":{"line":171,"column":4},"end":{"line":173,"column":5}},"78":{"start":{"line":172,"column":6},"end":{"line":172,"column":38}},"79":{"start":{"line":174,"column":4},"end":{"line":174,"column":36}},"80":{"start":{"line":176,"column":4},"end":{"line":176,"column":73}},"81":{"start":{"line":178,"column":4},"end":{"line":178,"column":25}},"82":{"start":{"line":179,"column":4},"end":{"line":181,"column":76}},"83":{"start":{"line":185,"column":28},"end":{"line":194,"column":1}},"84":{"start":{"line":186,"column":21},"end":{"line":186,"column":31}},"85":{"start":{"line":187,"column":2},"end":{"line":193,"column":3}},"86":{"start":{"line":188,"column":24},"end":{"line":188,"column":90}},"87":{"start":{"line":189,"column":4},"end":{"line":189,"column":26}},"88":{"start":{"line":191,"column":4},"end":{"line":191,"column":25}},"89":{"start":{"line":192,"column":4},"end":{"line":192,"column":61}},"90":{"start":{"line":196,"column":32},"end":{"line":210,"column":1}},"91":{"start":{"line":197,"column":17},"end":{"line":197,"column":27}},"92":{"start":{"line":198,"column":2},"end":{"line":209,"column":3}},"93":{"start":{"line":199,"column":24},"end":{"line":199,"column":53}},"94":{"start":{"line":201,"column":4},"end":{"line":203,"column":5}},"95":{"start":{"line":202,"column":6},"end":{"line":202,"column":70}},"96":{"start":{"line":205,"column":4},"end":{"line":205,"column":26}},"97":{"start":{"line":207,"column":4},"end":{"line":207,"column":25}},"98":{"start":{"line":208,"column":4},"end":{"line":208,"column":61}},"99":{"start":{"line":211,"column":0},"end":{"line":218,"column":2}}},"fnMap":{"0":{"name":"(anonymous_0)","decl":{"start":{"line":3,"column":28},"end":{"line":3,"column":29}},"loc":{"start":{"line":3,"column":55},"end":{"line":28,"column":1}},"line":3},"1":{"name":"(anonymous_1)","decl":{"start":{"line":30,"column":25},"end":{"line":30,"column":26}},"loc":{"start":{"line":30,"column":52},"end":{"line":88,"column":1}},"line":30},"2":{"name":"(anonymous_2)","decl":{"start":{"line":90,"column":29},"end":{"line":90,"column":30}},"loc":{"start":{"line":90,"column":49},"end":{"line":104,"column":1}},"line":90},"3":{"name":"(anonymous_3)","decl":{"start":{"line":106,"column":25},"end":{"line":106,"column":26}},"loc":{"start":{"line":106,"column":52},"end":{"line":183,"column":1}},"line":106},"4":{"name":"(anonymous_4)","decl":{"start":{"line":185,"column":28},"end":{"line":185,"column":29}},"loc":{"start":{"line":185,"column":48},"end":{"line":194,"column":1}},"line":185},"5":{"name":"(anonymous_5)","decl":{"start":{"line":196,"column":32},"end":{"line":196,"column":33}},"loc":{"start":{"line":196,"column":52},"end":{"line":210,"column":1}},"line":196}},"branchMap":{"0":{"loc":{"start":{"line":11,"column":4},"end":{"line":13,"column":5}},"type":"if","locations":[{"start":{"line":11,"column":4},"end":{"line":13,"column":5}},{"start":{"line":11,"column":4},"end":{"line":13,"column":5}}],"line":11},"1":{"loc":{"start":{"line":15,"column":4},"end":{"line":17,"column":5}},"type":"if","locations":[{"start":{"line":15,"column":4},"end":{"line":17,"column":5}},{"start":{"line":15,"column":4},"end":{"line":17,"column":5}}],"line":15},"2":{"loc":{"start":{"line":45,"column":4},"end":{"line":64,"column":5}},"type":"if","locations":[{"start":{"line":45,"column":4},"end":{"line":64,"column":5}},{"start":{"line":45,"column":4},"end":{"line":64,"column":5}}],"line":45},"3":{"loc":{"start":{"line":45,"column":8},"end":{"line":45,"column":70}},"type":"binary-expr","locations":[{"start":{"line":45,"column":8},"end":{"line":45,"column":17}},{"start":{"line":45,"column":21},"end":{"line":45,"column":42}},{"start":{"line":45,"column":46},"end":{"line":45,"column":70}}],"line":45},"4":{"loc":{"start":{"line":73,"column":13},"end":{"line":73,"column":26}},"type":"binary-expr","locations":[{"start":{"line":73,"column":13},"end":{"line":73,"column":18}},{"start":{"line":73,"column":22},"end":{"line":73,"column":26}}],"line":73},"5":{"loc":{"start":{"line":95,"column":4},"end":{"line":97,"column":5}},"type":"if","locations":[{"start":{"line":95,"column":4},"end":{"line":97,"column":5}},{"start":{"line":95,"column":4},"end":{"line":97,"column":5}}],"line":95},"6":{"loc":{"start":{"line":120,"column":34},"end":{"line":120,"column":96}},"type":"binary-expr","locations":[{"start":{"line":120,"column":34},"end":{"line":120,"column":43}},{"start":{"line":120,"column":47},"end":{"line":120,"column":68}},{"start":{"line":120,"column":72},"end":{"line":120,"column":96}}],"line":120},"7":{"loc":{"start":{"line":123,"column":4},"end":{"line":139,"column":5}},"type":"if","locations":[{"start":{"line":123,"column":4},"end":{"line":139,"column":5}},{"start":{"line":123,"column":4},"end":{"line":139,"column":5}}],"line":123},"8":{"loc":{"start":{"line":143,"column":4},"end":{"line":145,"column":5}},"type":"if","locations":[{"start":{"line":143,"column":4},"end":{"line":145,"column":5}},{"start":{"line":143,"column":4},"end":{"line":145,"column":5}}],"line":143},"9":{"loc":{"start":{"line":147,"column":4},"end":{"line":149,"column":5}},"type":"if","locations":[{"start":{"line":147,"column":4},"end":{"line":149,"column":5}},{"start":{"line":147,"column":4},"end":{"line":149,"column":5}}],"line":147},"10":{"loc":{"start":{"line":150,"column":4},"end":{"line":152,"column":5}},"type":"if","locations":[{"start":{"line":150,"column":4},"end":{"line":152,"column":5}},{"start":{"line":150,"column":4},"end":{"line":152,"column":5}}],"line":150},"11":{"loc":{"start":{"line":153,"column":4},"end":{"line":155,"column":5}},"type":"if","locations":[{"start":{"line":153,"column":4},"end":{"line":155,"column":5}},{"start":{"line":153,"column":4},"end":{"line":155,"column":5}}],"line":153},"12":{"loc":{"start":{"line":156,"column":4},"end":{"line":158,"column":5}},"type":"if","locations":[{"start":{"line":156,"column":4},"end":{"line":158,"column":5}},{"start":{"line":156,"column":4},"end":{"line":158,"column":5}}],"line":156},"13":{"loc":{"start":{"line":159,"column":4},"end":{"line":161,"column":5}},"type":"if","locations":[{"start":{"line":159,"column":4},"end":{"line":161,"column":5}},{"start":{"line":159,"column":4},"end":{"line":161,"column":5}}],"line":159},"14":{"loc":{"start":{"line":162,"column":4},"end":{"line":164,"column":5}},"type":"if","locations":[{"start":{"line":162,"column":4},"end":{"line":164,"column":5}},{"start":{"line":162,"column":4},"end":{"line":164,"column":5}}],"line":162},"15":{"loc":{"start":{"line":165,"column":4},"end":{"line":167,"column":5}},"type":"if","locations":[{"start":{"line":165,"column":4},"end":{"line":167,"column":5}},{"start":{"line":165,"column":4},"end":{"line":167,"column":5}}],"line":165},"16":{"loc":{"start":{"line":168,"column":4},"end":{"line":170,"column":5}},"type":"if","locations":[{"start":{"line":168,"column":4},"end":{"line":170,"column":5}},{"start":{"line":168,"column":4},"end":{"line":170,"column":5}}],"line":168},"17":{"loc":{"start":{"line":171,"column":4},"end":{"line":173,"column":5}},"type":"if","locations":[{"start":{"line":171,"column":4},"end":{"line":173,"column":5}},{"start":{"line":171,"column":4},"end":{"line":173,"column":5}}],"line":171},"18":{"loc":{"start":{"line":201,"column":4},"end":{"line":203,"column":5}},"type":"if","locations":[{"start":{"line":201,"column":4},"end":{"line":203,"column":5}},{"start":{"line":201,"column":4},"end":{"line":203,"column":5}}],"line":201},"19":{"loc":{"start":{"line":201,"column":8},"end":{"line":201,"column":48}},"type":"binary-expr","locations":[{"start":{"line":201,"column":8},"end":{"line":201,"column":20}},{"start":{"line":201,"column":24},"end":{"line":201,"column":48}}],"line":201}},"s":{"0":1,"1":1,"2":0,"3":0,"4":0,"5":0,"6":0,"7":0,"8":0,"9":0,"10":0,"11":0,"12":0,"13":0,"14":1,"15":0,"16":0,"17":0,"18":0,"19":0,"20":0,"21":0,"22":0,"23":0,"24":0,"25":0,"26":0,"27":0,"28":0,"29":0,"30":0,"31":0,"32":0,"33":1,"34":3,"35":3,"36":3,"37":2,"38":1,"39":1,"40":1,"41":1,"42":1,"43":0,"44":0,"45":0,"46":0,"47":0,"48":0,"49":0,"50":0,"51":0,"52":0,"53":0,"54":0,"55":0,"56":0,"57":0,"58":0,"59":0,"60":0,"61":0,"62":0,"63":0,"64":0,"65":0,"66":0,"67":0,"68":0,"69":0,"70":0,"71":0,"72":0,"73":0,"74":0,"75":0,"76":0,"77":0,"78":0,"79":0,"80":0,"81":0,"82":0,"83":1,"84":0,"85":0,"86":0,"87":0,"88":0,"89":0,"90":1,"91":1,"92":1,"93":1,"94":1,"95":0,"96":1,"97":0,"98":0,"99":1},"f":{"0":0,"1":0,"2":3,"3":0,"4":0,"5":1},"b":{"0":[0,0],"1":[0,0],"2":[0,0],"3":[0,0,0],"4":[0,0],"5":[1,1],"6":[0,0,0],"7":[0,0],"8":[0,0],"9":[0,0],"10":[0,0],"11":[0,0],"12":[0,0],"13":[0,0],"14":[0,0],"15":[0,0],"16":[0,0],"17":[0,0],"18":[0,1],"19":[1,1]},"_coverageSchema":"1a1c01bbd47fc00a2c39e90264f33305004495a9","hash":"ac044d83130139f37c78bee942ebf6bce7b0b013","contentHash":"7f63c6ca3889f06e77c0c85a321bd60f856528ac7cb09e5386d7ae2699523ea0"},"C:\\Users\\fedi0\\OneDrive\\Bureau\\PI DEV TWINERZ\\TWINERZ-ConnectCareerBackend\\services\\interview.js":{"path":"C:\\Users\\fedi0\\OneDrive\\Bureau\\PI DEV TWINERZ\\TWINERZ-ConnectCareerBackend\\services\\interview.js","statementMap":{"0":{"start":{"line":1,"column":11},"end":{"line":1,"column":24}},"1":{"start":{"line":2,"column":19},"end":{"line":2,"column":40}},"2":{"start":{"line":3,"column":18},"end":{"line":3,"column":51}},"3":{"start":{"line":4,"column":12},"end":{"line":4,"column":39}},"4":{"start":{"line":5,"column":20},"end":{"line":5,"column":55}},"5":{"start":{"line":6,"column":13},"end":{"line":6,"column":41}},"6":{"start":{"line":10,"column":2},"end":{"line":18,"column":3}},"7":{"start":{"line":11,"column":23},"end":{"line":13,"column":5}},"8":{"start":{"line":14,"column":4},"end":{"line":14,"column":22}},"9":{"start":{"line":16,"column":4},"end":{"line":16,"column":25}},"10":{"start":{"line":17,"column":4},"end":{"line":17,"column":53}},"11":{"start":{"line":22,"column":2},"end":{"line":32,"column":3}},"12":{"start":{"line":23,"column":4},"end":{"line":23,"column":20}},"13":{"start":{"line":24,"column":23},"end":{"line":27,"column":6}},"14":{"start":{"line":28,"column":4},"end":{"line":28,"column":22}},"15":{"start":{"line":30,"column":4},"end":{"line":30,"column":25}},"16":{"start":{"line":31,"column":4},"end":{"line":31,"column":53}},"17":{"start":{"line":35,"column":2},"end":{"line":95,"column":3}},"18":{"start":{"line":48,"column":8},"end":{"line":48,"column":16}},"19":{"start":{"line":49,"column":4},"end":{"line":49,"column":26}},"20":{"start":{"line":51,"column":22},"end":{"line":55,"column":6}},"21":{"start":{"line":63,"column":25},"end":{"line":75,"column":6}},"22":{"start":{"line":76,"column":17},"end":{"line":76,"column":45}},"23":{"start":{"line":77,"column":30},"end":{"line":79,"column":5}},"24":{"start":{"line":80,"column":4},"end":{"line":80,"column":32}},"25":{"start":{"line":81,"column":16},"end":{"line":83,"column":5}},"26":{"start":{"line":92,"column":4},"end":{"line":92,"column":30}},"27":{"start":{"line":94,"column":4},"end":{"line":94,"column":25}},"28":{"start":{"line":97,"column":18},"end":{"line":97,"column":33}},"29":{"start":{"line":106,"column":23},"end":{"line":109,"column":3}},"30":{"start":{"line":110,"column":22},"end":{"line":119,"column":4}},"31":{"start":{"line":121,"column":14},"end":{"line":135,"column":3}},"32":{"start":{"line":137,"column":4},"end":{"line":142,"column":5}},"33":{"start":{"line":138,"column":6},"end":{"line":138,"column":38}},"34":{"start":{"line":139,"column":6},"end":{"line":139,"column":43}},"35":{"start":{"line":141,"column":6},"end":{"line":141,"column":27}},"36":{"start":{"line":146,"column":20},"end":{"line":146,"column":52}},"37":{"start":{"line":147,"column":2},"end":{"line":147,"column":25}},"38":{"start":{"line":148,"column":2},"end":{"line":158,"column":3}},"39":{"start":{"line":149,"column":4},"end":{"line":149,"column":36}},"40":{"start":{"line":150,"column":25},"end":{"line":153,"column":6}},"41":{"start":{"line":154,"column":4},"end":{"line":156,"column":5}},"42":{"start":{"line":155,"column":6},"end":{"line":155,"column":18}},"43":{"start":{"line":157,"column":4},"end":{"line":157,"column":17}},"44":{"start":{"line":159,"column":2},"end":{"line":159,"column":37}},"45":{"start":{"line":160,"column":2},"end":{"line":160,"column":15}},"46":{"start":{"line":164,"column":20},"end":{"line":164,"column":53}},"47":{"start":{"line":165,"column":2},"end":{"line":165,"column":25}},"48":{"start":{"line":166,"column":2},"end":{"line":171,"column":3}},"49":{"start":{"line":167,"column":4},"end":{"line":167,"column":23}},"50":{"start":{"line":169,"column":4},"end":{"line":169,"column":39}},"51":{"start":{"line":170,"column":4},"end":{"line":170,"column":17}},"52":{"start":{"line":173,"column":0},"end":{"line":178,"column":2}}},"fnMap":{"0":{"name":"getInterviewByRecruiter","decl":{"start":{"line":9,"column":15},"end":{"line":9,"column":38}},"loc":{"start":{"line":9,"column":47},"end":{"line":19,"column":1}},"line":9},"1":{"name":"getInterviewsByApplicationandUser","decl":{"start":{"line":21,"column":15},"end":{"line":21,"column":48}},"loc":{"start":{"line":21,"column":72},"end":{"line":33,"column":1}},"line":21},"2":{"name":"createInterview","decl":{"start":{"line":34,"column":15},"end":{"line":34,"column":30}},"loc":{"start":{"line":34,"column":41},"end":{"line":96,"column":1}},"line":34},"3":{"name":"sendMailToStudent","decl":{"start":{"line":98,"column":15},"end":{"line":98,"column":32}},"loc":{"start":{"line":105,"column":2},"end":{"line":144,"column":1}},"line":105},"4":{"name":"VerifyInterview","decl":{"start":{"line":145,"column":15},"end":{"line":145,"column":30}},"loc":{"start":{"line":145,"column":47},"end":{"line":161,"column":1}},"line":145},"5":{"name":"deleteInterview","decl":{"start":{"line":163,"column":15},"end":{"line":163,"column":30}},"loc":{"start":{"line":163,"column":35},"end":{"line":172,"column":1}},"line":163}},"branchMap":{"0":{"loc":{"start":{"line":148,"column":2},"end":{"line":158,"column":3}},"type":"if","locations":[{"start":{"line":148,"column":2},"end":{"line":158,"column":3}},{"start":{"line":148,"column":2},"end":{"line":158,"column":3}}],"line":148},"1":{"loc":{"start":{"line":154,"column":4},"end":{"line":156,"column":5}},"type":"if","locations":[{"start":{"line":154,"column":4},"end":{"line":156,"column":5}},{"start":{"line":154,"column":4},"end":{"line":156,"column":5}}],"line":154},"2":{"loc":{"start":{"line":166,"column":2},"end":{"line":171,"column":3}},"type":"if","locations":[{"start":{"line":166,"column":2},"end":{"line":171,"column":3}},{"start":{"line":166,"column":2},"end":{"line":171,"column":3}}],"line":166}},"s":{"0":1,"1":1,"2":1,"3":1,"4":1,"5":1,"6":0,"7":0,"8":0,"9":0,"10":0,"11":0,"12":0,"13":0,"14":0,"15":0,"16":0,"17":0,"18":0,"19":0,"20":0,"21":0,"22":0,"23":0,"24":0,"25":0,"26":0,"27":0,"28":1,"29":0,"30":0,"31":0,"32":0,"33":0,"34":0,"35":0,"36":0,"37":0,"38":0,"39":0,"40":0,"41":0,"42":0,"43":0,"44":0,"45":0,"46":0,"47":0,"48":0,"49":0,"50":0,"51":0,"52":1},"f":{"0":0,"1":0,"2":0,"3":0,"4":0,"5":0},"b":{"0":[0,0],"1":[0,0],"2":[0,0]},"_coverageSchema":"1a1c01bbd47fc00a2c39e90264f33305004495a9","hash":"de9b05eb599d123950d1ba5d2a467122ad205355","contentHash":"3de7b0931ae45455700520ad41aa5cf343195ffa4a70543d677310754b051a75"},"C:\\Users\\fedi0\\OneDrive\\Bureau\\PI DEV TWINERZ\\TWINERZ-ConnectCareerBackend\\models\\interview.js":{"path":"C:\\Users\\fedi0\\OneDrive\\Bureau\\PI DEV TWINERZ\\TWINERZ-ConnectCareerBackend\\models\\interview.js","statementMap":{"0":{"start":{"line":1,"column":17},"end":{"line":1,"column":36}},"1":{"start":{"line":3,"column":19},"end":{"line":3,"column":27}},"2":{"start":{"line":4,"column":24},"end":{"line":28,"column":2}},"3":{"start":{"line":30,"column":18},"end":{"line":30,"column":62}},"4":{"start":{"line":32,"column":0},"end":{"line":32,"column":27}}},"fnMap":{},"branchMap":{},"s":{"0":1,"1":1,"2":1,"3":1,"4":1},"f":{},"b":{},"_coverageSchema":"1a1c01bbd47fc00a2c39e90264f33305004495a9","hash":"76013a38db5f0d25a25ac7f6c012c9988aaa817a","contentHash":"c267516ed4684031eea5047033c2168b4679c8d0b8103cb8e219b77ab45501d2"},"C:\\Users\\fedi0\\OneDrive\\Bureau\\PI DEV TWINERZ\\TWINERZ-ConnectCareerBackend\\models\\postulation.js":{"path":"C:\\Users\\fedi0\\OneDrive\\Bureau\\PI DEV TWINERZ\\TWINERZ-ConnectCareerBackend\\models\\postulation.js","statementMap":{"0":{"start":{"line":1,"column":17},"end":{"line":1,"column":36}},"1":{"start":{"line":3,"column":19},"end":{"line":3,"column":27}},"2":{"start":{"line":4,"column":26},"end":{"line":25,"column":2}},"3":{"start":{"line":27,"column":20},"end":{"line":27,"column":68}},"4":{"start":{"line":29,"column":0},"end":{"line":29,"column":29}}},"fnMap":{},"branchMap":{},"s":{"0":1,"1":1,"2":1,"3":1,"4":1},"f":{},"b":{},"_coverageSchema":"1a1c01bbd47fc00a2c39e90264f33305004495a9","hash":"20a03e17691348eb797a4eeccbafd9219f4f6c08","contentHash":"acb59c435d3ff0b8041c5b9a162417bad3573ab89e158ec998a416554df32fb7"},"C:\\Users\\fedi0\\OneDrive\\Bureau\\PI DEV TWINERZ\\TWINERZ-ConnectCareerBackend\\services\\jobService.js":{"path":"C:\\Users\\fedi0\\OneDrive\\Bureau\\PI DEV TWINERZ\\TWINERZ-ConnectCareerBackend\\services\\jobService.js","statementMap":{"0":{"start":{"line":1,"column":19},"end":{"line":1,"column":50}},"1":{"start":{"line":2,"column":12},"end":{"line":2,"column":36}},"2":{"start":{"line":3,"column":15},"end":{"line":3,"column":42}},"3":{"start":{"line":4,"column":13},"end":{"line":4,"column":38}},"4":{"start":{"line":5,"column":14},"end":{"line":5,"column":39}},"5":{"start":{"line":7,"column":2},"end":{"line":23,"column":3}},"6":{"start":{"line":8,"column":17},"end":{"line":15,"column":36}},"7":{"start":{"line":16,"column":4},"end":{"line":18,"column":5}},"8":{"start":{"line":17,"column":6},"end":{"line":17,"column":75}},"9":{"start":{"line":19,"column":4},"end":{"line":19,"column":39}},"10":{"start":{"line":21,"column":4},"end":{"line":21,"column":66}},"11":{"start":{"line":22,"column":4},"end":{"line":22,"column":52}},"12":{"start":{"line":25,"column":27},"end":{"line":25,"column":65}},"13":{"start":{"line":26,"column":14},"end":{"line":26,"column":40}},"14":{"start":{"line":29,"column":2},"end":{"line":38,"column":3}},"15":{"start":{"line":30,"column":17},"end":{"line":30,"column":76}},"16":{"start":{"line":31,"column":4},"end":{"line":33,"column":5}},"17":{"start":{"line":32,"column":6},"end":{"line":32,"column":78}},"18":{"start":{"line":34,"column":4},"end":{"line":34,"column":16}},"19":{"start":{"line":36,"column":4},"end":{"line":36,"column":25}},"20":{"start":{"line":37,"column":4},"end":{"line":37,"column":54}},"21":{"start":{"line":42,"column":2},"end":{"line":166,"column":3}},"22":{"start":{"line":58,"column":8},"end":{"line":58,"column":16}},"23":{"start":{"line":60,"column":17},"end":{"line":60,"column":47}},"24":{"start":{"line":61,"column":4},"end":{"line":63,"column":5}},"25":{"start":{"line":62,"column":6},"end":{"line":62,"column":68}},"26":{"start":{"line":65,"column":4},"end":{"line":69,"column":5}},"27":{"start":{"line":66,"column":6},"end":{"line":66,"column":30}},"28":{"start":{"line":68,"column":6},"end":{"line":68,"column":29}},"29":{"start":{"line":70,"column":4},"end":{"line":70,"column":22}},"30":{"start":{"line":72,"column":22},"end":{"line":72,"column":24}},"31":{"start":{"line":73,"column":21},"end":{"line":73,"column":39}},"32":{"start":{"line":75,"column":4},"end":{"line":89,"column":5}},"33":{"start":{"line":76,"column":6},"end":{"line":88,"column":7}},"34":{"start":{"line":77,"column":20},"end":{"line":77,"column":64}},"35":{"start":{"line":79,"column":8},"end":{"line":82,"column":9}},"36":{"start":{"line":80,"column":10},"end":{"line":80,"column":53}},"37":{"start":{"line":81,"column":10},"end":{"line":81,"column":29}},"38":{"start":{"line":84,"column":8},"end":{"line":84,"column":34}},"39":{"start":{"line":87,"column":8},"end":{"line":87,"column":48}},"40":{"start":{"line":91,"column":21},"end":{"line":91,"column":23}},"41":{"start":{"line":93,"column":4},"end":{"line":108,"column":5}},"42":{"start":{"line":94,"column":22},"end":{"line":94,"column":42}},"43":{"start":{"line":95,"column":21},"end":{"line":95,"column":45}},"44":{"start":{"line":97,"column":25},"end":{"line":97,"column":35}},"45":{"start":{"line":98,"column":23},"end":{"line":98,"column":62}},"46":{"start":{"line":99,"column":27},"end":{"line":99,"column":54}},"47":{"start":{"line":101,"column":19},"end":{"line":101,"column":44}},"48":{"start":{"line":103,"column":6},"end":{"line":103,"column":38}},"49":{"start":{"line":105,"column":6},"end":{"line":107,"column":57}},"50":{"start":{"line":109,"column":4},"end":{"line":109,"column":28}},"51":{"start":{"line":110,"column":19},"end":{"line":127,"column":6}},"52":{"start":{"line":129,"column":4},"end":{"line":129,"column":24}},"53":{"start":{"line":132,"column":4},"end":{"line":132,"column":24}},"54":{"start":{"line":133,"column":4},"end":{"line":143,"column":5}},"55":{"start":{"line":134,"column":7},"end":{"line":134,"column":60}},"56":{"start":{"line":135,"column":6},"end":{"line":137,"column":7}},"57":{"start":{"line":136,"column":8},"end":{"line":136,"column":71}},"58":{"start":{"line":138,"column":6},"end":{"line":138,"column":44}},"59":{"start":{"line":140,"column":7},"end":{"line":140,"column":63}},"60":{"start":{"line":142,"column":6},"end":{"line":142,"column":44}},"61":{"start":{"line":144,"column":18},"end":{"line":144,"column":34}},"62":{"start":{"line":145,"column":4},"end":{"line":145,"column":23}},"63":{"start":{"line":146,"column":18},"end":{"line":146,"column":45}},"64":{"start":{"line":147,"column":4},"end":{"line":147,"column":35}},"65":{"start":{"line":148,"column":4},"end":{"line":154,"column":5}},"66":{"start":{"line":149,"column":6},"end":{"line":149,"column":29}},"67":{"start":{"line":150,"column":10},"end":{"line":154,"column":5}},"68":{"start":{"line":151,"column":6},"end":{"line":151,"column":27}},"69":{"start":{"line":152,"column":10},"end":{"line":154,"column":5}},"70":{"start":{"line":153,"column":6},"end":{"line":153,"column":24}},"71":{"start":{"line":155,"column":4},"end":{"line":155,"column":22}},"72":{"start":{"line":156,"column":4},"end":{"line":160,"column":5}},"73":{"start":{"line":157,"column":6},"end":{"line":157,"column":55}},"74":{"start":{"line":158,"column":7},"end":{"line":158,"column":60}},"75":{"start":{"line":162,"column":4},"end":{"line":162,"column":24}},"76":{"start":{"line":164,"column":4},"end":{"line":164,"column":25}},"77":{"start":{"line":165,"column":4},"end":{"line":165,"column":63}},"78":{"start":{"line":170,"column":2},"end":{"line":183,"column":3}},"79":{"start":{"line":171,"column":16},"end":{"line":175,"column":38}},"80":{"start":{"line":176,"column":4},"end":{"line":178,"column":5}},"81":{"start":{"line":177,"column":6},"end":{"line":177,"column":64}},"82":{"start":{"line":179,"column":4},"end":{"line":179,"column":15}},"83":{"start":{"line":181,"column":4},"end":{"line":181,"column":25}},"84":{"start":{"line":182,"column":4},"end":{"line":182,"column":54}},"85":{"start":{"line":187,"column":2},"end":{"line":211,"column":3}},"86":{"start":{"line":188,"column":16},"end":{"line":191,"column":36}},"87":{"start":{"line":192,"column":4},"end":{"line":194,"column":5}},"88":{"start":{"line":193,"column":6},"end":{"line":193,"column":64}},"89":{"start":{"line":196,"column":4},"end":{"line":203,"column":5}},"90":{"start":{"line":197,"column":6},"end":{"line":197,"column":41}},"91":{"start":{"line":199,"column":29},"end":{"line":201,"column":7}},"92":{"start":{"line":202,"column":6},"end":{"line":202,"column":34}},"93":{"start":{"line":204,"column":24},"end":{"line":206,"column":38}},"94":{"start":{"line":207,"column":4},"end":{"line":207,"column":39}},"95":{"start":{"line":209,"column":4},"end":{"line":209,"column":25}},"96":{"start":{"line":210,"column":4},"end":{"line":210,"column":54}},"97":{"start":{"line":215,"column":2},"end":{"line":250,"column":3}},"98":{"start":{"line":216,"column":17},"end":{"line":239,"column":6}},"99":{"start":{"line":242,"column":4},"end":{"line":242,"column":60}},"100":{"start":{"line":243,"column":4},"end":{"line":245,"column":5}},"101":{"start":{"line":244,"column":6},"end":{"line":244,"column":55}},"102":{"start":{"line":246,"column":4},"end":{"line":246,"column":39}},"103":{"start":{"line":248,"column":4},"end":{"line":248,"column":25}},"104":{"start":{"line":249,"column":4},"end":{"line":249,"column":52}},"105":{"start":{"line":254,"column":2},"end":{"line":266,"column":3}},"106":{"start":{"line":255,"column":16},"end":{"line":255,"column":41}},"107":{"start":{"line":256,"column":4},"end":{"line":258,"column":5}},"108":{"start":{"line":257,"column":6},"end":{"line":257,"column":64}},"109":{"start":{"line":259,"column":4},"end":{"line":259,"column":24}},"110":{"start":{"line":260,"column":4},"end":{"line":260,"column":28}},"111":{"start":{"line":261,"column":4},"end":{"line":261,"column":21}},"112":{"start":{"line":262,"column":4},"end":{"line":262,"column":19}},"113":{"start":{"line":264,"column":4},"end":{"line":264,"column":25}},"114":{"start":{"line":265,"column":4},"end":{"line":265,"column":54}},"115":{"start":{"line":269,"column":23},"end":{"line":272,"column":3}},"116":{"start":{"line":273,"column":22},"end":{"line":282,"column":4}},"117":{"start":{"line":284,"column":14},"end":{"line":294,"column":3}},"118":{"start":{"line":295,"column":19},"end":{"line":302,"column":3}},"119":{"start":{"line":296,"column":4},"end":{"line":301,"column":5}},"120":{"start":{"line":297,"column":6},"end":{"line":297,"column":38}},"121":{"start":{"line":298,"column":6},"end":{"line":298,"column":43}},"122":{"start":{"line":300,"column":6},"end":{"line":300,"column":27}},"123":{"start":{"line":303,"column":2},"end":{"line":303,"column":29}},"124":{"start":{"line":305,"column":0},"end":{"line":313,"column":2}}},"fnMap":{"0":{"name":"getJobsByEntrepriseId","decl":{"start":{"line":6,"column":15},"end":{"line":6,"column":36}},"loc":{"start":{"line":6,"column":51},"end":{"line":24,"column":1}},"line":6},"1":{"name":"getJobByRecruiter","decl":{"start":{"line":28,"column":15},"end":{"line":28,"column":32}},"loc":{"start":{"line":28,"column":46},"end":{"line":39,"column":1}},"line":28},"2":{"name":"AddJob","decl":{"start":{"line":41,"column":15},"end":{"line":41,"column":21}},"loc":{"start":{"line":41,"column":39},"end":{"line":167,"column":1}},"line":41},"3":{"name":"getJobDetails","decl":{"start":{"line":169,"column":15},"end":{"line":169,"column":28}},"loc":{"start":{"line":169,"column":36},"end":{"line":184,"column":1}},"line":169},"4":{"name":"getJobUpdateDetails","decl":{"start":{"line":186,"column":15},"end":{"line":186,"column":34}},"loc":{"start":{"line":186,"column":42},"end":{"line":212,"column":1}},"line":186},"5":{"name":"getAllJob","decl":{"start":{"line":214,"column":15},"end":{"line":214,"column":24}},"loc":{"start":{"line":214,"column":27},"end":{"line":251,"column":1}},"line":214},"6":{"name":"CloseJob","decl":{"start":{"line":253,"column":15},"end":{"line":253,"column":23}},"loc":{"start":{"line":253,"column":31},"end":{"line":267,"column":1}},"line":253},"7":{"name":"sendMailTRecruiter","decl":{"start":{"line":268,"column":15},"end":{"line":268,"column":33}},"loc":{"start":{"line":268,"column":39},"end":{"line":304,"column":1}},"line":268},"8":{"name":"(anonymous_8)","decl":{"start":{"line":295,"column":19},"end":{"line":295,"column":20}},"loc":{"start":{"line":295,"column":47},"end":{"line":302,"column":3}},"line":295}},"branchMap":{"0":{"loc":{"start":{"line":16,"column":4},"end":{"line":18,"column":5}},"type":"if","locations":[{"start":{"line":16,"column":4},"end":{"line":18,"column":5}},{"start":{"line":16,"column":4},"end":{"line":18,"column":5}}],"line":16},"1":{"loc":{"start":{"line":16,"column":8},"end":{"line":16,"column":34}},"type":"binary-expr","locations":[{"start":{"line":16,"column":8},"end":{"line":16,"column":13}},{"start":{"line":16,"column":17},"end":{"line":16,"column":34}}],"line":16},"2":{"loc":{"start":{"line":31,"column":4},"end":{"line":33,"column":5}},"type":"if","locations":[{"start":{"line":31,"column":4},"end":{"line":33,"column":5}},{"start":{"line":31,"column":4},"end":{"line":33,"column":5}}],"line":31},"3":{"loc":{"start":{"line":61,"column":4},"end":{"line":63,"column":5}},"type":"if","locations":[{"start":{"line":61,"column":4},"end":{"line":63,"column":5}},{"start":{"line":61,"column":4},"end":{"line":63,"column":5}}],"line":61},"4":{"loc":{"start":{"line":65,"column":4},"end":{"line":69,"column":5}},"type":"if","locations":[{"start":{"line":65,"column":4},"end":{"line":69,"column":5}},{"start":{"line":65,"column":4},"end":{"line":69,"column":5}}],"line":65},"5":{"loc":{"start":{"line":79,"column":8},"end":{"line":82,"column":9}},"type":"if","locations":[{"start":{"line":79,"column":8},"end":{"line":82,"column":9}},{"start":{"line":79,"column":8},"end":{"line":82,"column":9}}],"line":79},"6":{"loc":{"start":{"line":93,"column":4},"end":{"line":108,"column":5}},"type":"if","locations":[{"start":{"line":93,"column":4},"end":{"line":108,"column":5}},{"start":{"line":93,"column":4},"end":{"line":108,"column":5}}],"line":93},"7":{"loc":{"start":{"line":93,"column":8},"end":{"line":93,"column":62}},"type":"binary-expr","locations":[{"start":{"line":93,"column":8},"end":{"line":93,"column":17}},{"start":{"line":93,"column":21},"end":{"line":93,"column":38}},{"start":{"line":93,"column":42},"end":{"line":93,"column":62}}],"line":93},"8":{"loc":{"start":{"line":133,"column":4},"end":{"line":143,"column":5}},"type":"if","locations":[{"start":{"line":133,"column":4},"end":
[...]
{"line":9,"column":48}},"8":{"start":{"line":10,"column":18},"end":{"line":10,"column":30}},"9":{"start":{"line":11,"column":17},"end":{"line":11,"column":19}},"10":{"start":{"line":12,"column":17},"end":{"line":12,"column":43}},"11":{"start":{"line":13,"column":4},"end":{"line":17,"column":5}},"12":{"start":{"line":14,"column":6},"end":{"line":14,"column":26}},"13":{"start":{"line":16,"column":6},"end":{"line":16,"column":25}},"14":{"start":{"line":18,"column":17},"end":{"line":18,"column":40}},"15":{"start":{"line":19,"column":4},"end":{"line":19,"column":24}},"16":{"start":{"line":20,"column":4},"end":{"line":20,"column":22}},"17":{"start":{"line":21,"column":4},"end":{"line":21,"column":22}},"18":{"start":{"line":22,"column":4},"end":{"line":42,"column":5}},"19":{"start":{"line":23,"column":6},"end":{"line":39,"column":7}},"20":{"start":{"line":24,"column":27},"end":{"line":24,"column":46}},"21":{"start":{"line":25,"column":29},"end":{"line":25,"column":53}},"22":{"start":{"line":27,"column":27},"end":{"line":27,"column":36}},"23":{"start":{"line":28,"column":25},"end":{"line":28,"column":48}},"24":{"start":{"line":29,"column":29},"end":{"line":29,"column":56}},"25":{"start":{"line":31,"column":33},"end":{"line":31,"column":64}},"26":{"start":{"line":33,"column":8},"end":{"line":33,"column":74}},"27":{"start":{"line":35,"column":23},"end":{"line":37,"column":58}},"28":{"start":{"line":38,"column":8},"end":{"line":38,"column":24}},"29":{"start":{"line":41,"column":6},"end":{"line":41,"column":27}},"30":{"start":{"line":44,"column":4},"end":{"line":58,"column":5}},"31":{"start":{"line":45,"column":29},"end":{"line":45,"column":58}},"32":{"start":{"line":46,"column":31},"end":{"line":46,"column":55}},"33":{"start":{"line":48,"column":25},"end":{"line":48,"column":38}},"34":{"start":{"line":49,"column":23},"end":{"line":49,"column":50}},"35":{"start":{"line":50,"column":27},"end":{"line":50,"column":54}},"36":{"start":{"line":51,"column":35},"end":{"line":51,"column":70}},"37":{"start":{"line":52,"column":6},"end":{"line":52,"column":80}},"38":{"start":{"line":54,"column":31},"end":{"line":56,"column":56}},"39":{"start":{"line":57,"column":6},"end":{"line":57,"column":42}},"40":{"start":{"line":59,"column":25},"end":{"line":65,"column":6}},"41":{"start":{"line":67,"column":4},"end":{"line":67,"column":30}},"42":{"start":{"line":68,"column":4},"end":{"line":68,"column":23}},"43":{"start":{"line":70,"column":4},"end":{"line":70,"column":25}},"44":{"start":{"line":75,"column":2},"end":{"line":83,"column":3}},"45":{"start":{"line":76,"column":25},"end":{"line":78,"column":5}},"46":{"start":{"line":79,"column":6},"end":{"line":79,"column":27}},"47":{"start":{"line":81,"column":4},"end":{"line":81,"column":66}},"48":{"start":{"line":82,"column":4},"end":{"line":82,"column":16}},"49":{"start":{"line":87,"column":2},"end":{"line":93,"column":3}},"50":{"start":{"line":88,"column":20},"end":{"line":88,"column":58}},"51":{"start":{"line":89,"column":4},"end":{"line":89,"column":19}},"52":{"start":{"line":91,"column":4},"end":{"line":91,"column":27}},"53":{"start":{"line":92,"column":4},"end":{"line":92,"column":16}},"54":{"start":{"line":97,"column":2},"end":{"line":103,"column":3}},"55":{"start":{"line":98,"column":25},"end":{"line":98,"column":74}},"56":{"start":{"line":99,"column":4},"end":{"line":99,"column":24}},"57":{"start":{"line":101,"column":4},"end":{"line":101,"column":27}},"58":{"start":{"line":102,"column":4},"end":{"line":102,"column":16}},"59":{"start":{"line":106,"column":2},"end":{"line":114,"column":3}},"60":{"start":{"line":107,"column":24},"end":{"line":109,"column":5}},"61":{"start":{"line":110,"column":6},"end":{"line":110,"column":26}},"62":{"start":{"line":112,"column":4},"end":{"line":112,"column":25}},"63":{"start":{"line":113,"column":4},"end":{"line":113,"column":16}},"64":{"start":{"line":118,"column":2},"end":{"line":147,"column":3}},"65":{"start":{"line":119,"column":24},"end":{"line":119,"column":65}},"66":{"start":{"line":120,"column":4},"end":{"line":120,"column":30}},"67":{"start":{"line":121,"column":4},"end":{"line":121,"column":29}},"68":{"start":{"line":122,"column":4},"end":{"line":136,"column":5}},"69":{"start":{"line":123,"column":16},"end":{"line":123,"column":103}},"70":{"start":{"line":124,"column":20},"end":{"line":124,"column":47}},"71":{"start":{"line":125,"column":21},"end":{"line":125,"column":50}},"72":{"start":{"line":126,"column":6},"end":{"line":126,"column":38}},"73":{"start":{"line":127,"column":6},"end":{"line":133,"column":7}},"74":{"start":{"line":128,"column":8},"end":{"line":128,"column":37}},"75":{"start":{"line":129,"column":12},"end":{"line":133,"column":7}},"76":{"start":{"line":130,"column":8},"end":{"line":130,"column":35}},"77":{"start":{"line":131,"column":12},"end":{"line":133,"column":7}},"78":{"start":{"line":132,"column":8},"end":{"line":132,"column":30}},"79":{"start":{"line":134,"column":6},"end":{"line":134,"column":18}},"80":{"start":{"line":135,"column":6},"end":{"line":135,"column":46}},"81":{"start":{"line":137,"column":4},"end":{"line":142,"column":5}},"82":{"start":{"line":138,"column":6},"end":{"line":138,"column":35}},"83":{"start":{"line":139,"column":6},"end":{"line":139,"column":17}},"84":{"start":{"line":141,"column":6},"end":{"line":141,"column":25}},"85":{"start":{"line":145,"column":4},"end":{"line":145,"column":25}},"86":{"start":{"line":146,"column":4},"end":{"line":146,"column":16}},"87":{"start":{"line":150,"column":23},"end":{"line":153,"column":3}},"88":{"start":{"line":154,"column":22},"end":{"line":163,"column":4}},"89":{"start":{"line":165,"column":14},"end":{"line":174,"column":3}},"90":{"start":{"line":175,"column":19},"end":{"line":182,"column":3}},"91":{"start":{"line":176,"column":4},"end":{"line":181,"column":5}},"92":{"start":{"line":177,"column":6},"end":{"line":177,"column":38}},"93":{"start":{"line":178,"column":6},"end":{"line":178,"column":43}},"94":{"start":{"line":180,"column":6},"end":{"line":180,"column":27}},"95":{"start":{"line":183,"column":2},"end":{"line":183,"column":29}},"96":{"start":{"line":185,"column":0},"end":{"line":192,"column":2}}},"fnMap":{"0":{"name":"CreateNewCandidate","decl":{"start":{"line":7,"column":15},"end":{"line":7,"column":33}},"loc":{"start":{"line":7,"column":51},"end":{"line":72,"column":1}},"line":7},"1":{"name":"getApplications","decl":{"start":{"line":74,"column":15},"end":{"line":74,"column":30}},"loc":{"start":{"line":74,"column":38},"end":{"line":84,"column":1}},"line":74},"2":{"name":"verifyIfApplicatedOnOpportunite","decl":{"start":{"line":86,"column":15},"end":{"line":86,"column":46}},"loc":{"start":{"line":86,"column":59},"end":{"line":94,"column":1}},"line":86},"3":{"name":"getApplicationbyJobID","decl":{"start":{"line":96,"column":15},"end":{"line":96,"column":36}},"loc":{"start":{"line":96,"column":42},"end":{"line":104,"column":1}},"line":96},"4":{"name":"getApplicationDetails","decl":{"start":{"line":105,"column":15},"end":{"line":105,"column":36}},"loc":{"start":{"line":105,"column":52},"end":{"line":115,"column":1}},"line":105},"5":{"name":"UpdateApplicationState","decl":{"start":{"line":117,"column":15},"end":{"line":117,"column":37}},"loc":{"start":{"line":117,"column":60},"end":{"line":148,"column":1}},"line":117},"6":{"name":"sendMailTRecruiter","decl":{"start":{"line":149,"column":15},"end":{"line":149,"column":33}},"loc":{"start":{"line":149,"column":41},"end":{"line":184,"column":1}},"line":149},"7":{"name":"(anonymous_7)","decl":{"start":{"line":175,"column":19},"end":{"line":175,"column":20}},"loc":{"start":{"line":175,"column":47},"end":{"line":182,"column":3}},"line":175}},"branchMap":{"0":{"loc":{"start":{"line":13,"column":4},"end":{"line":17,"column":5}},"type":"if","locations":[{"start":{"line":13,"column":4},"end":{"line":17,"column":5}},{"start":{"line":13,"column":4},"end":{"line":17,"column":5}}],"line":13},"1":{"loc":{"start":{"line":22,"column":4},"end":{"line":42,"column":5}},"type":"if","locations":[{"start":{"line":22,"column":4},"end":{"line":42,"column":5}},{"start":{"line":22,"column":4},"end":{"line":42,"column":5}}],"line":22},"2":{"loc":{"start":{"line":23,"column":6},"end":{"line":39,"column":7}},"type":"if","locations":[{"start":{"line":23,"column":6},"end":{"line":39,"column":7}},{"start":{"line":23,"column":6},"end":{"line":39,"column":7}}],"line":23},"3":{"loc":{"start":{"line":44,"column":4},"end":{"line":58,"column":5}},"type":"if","locations":[{"start":{"line":44,"column":4},"end":{"line":58,"column":5}},{"start":{"line":44,"column":4},"end":{"line":58,"column":5}}],"line":44},"4":{"loc":{"start":{"line":122,"column":4},"end":{"line":136,"column":5}},"type":"if","locations":[{"start":{"line":122,"column":4},"end":{"line":136,"column":5}},{"start":{"line":122,"column":4},"end":{"line":136,"column":5}}],"line":122},"5":{"loc":{"start":{"line":127,"column":6},"end":{"line":133,"column":7}},"type":"if","locations":[{"start":{"line":127,"column":6},"end":{"line":133,"column":7}},{"start":{"line":127,"column":6},"end":{"line":133,"column":7}}],"line":127},"6":{"loc":{"start":{"line":129,"column":12},"end":{"line":133,"column":7}},"type":"if","locations":[{"start":{"line":129,"column":12},"end":{"line":133,"column":7}},{"start":{"line":129,"column":12},"end":{"line":133,"column":7}}],"line":129},"7":{"loc":{"start":{"line":131,"column":12},"end":{"line":133,"column":7}},"type":"if","locations":[{"start":{"line":131,"column":12},"end":{"line":133,"column":7}},{"start":{"line":131,"column":12},"end":{"line":133,"column":7}}],"line":131},"8":{"loc":{"start":{"line":137,"column":4},"end":{"line":142,"column":5}},"type":"if","locations":[{"start":{"line":137,"column":4},"end":{"line":142,"column":5}},{"start":{"line":137,"column":4},"end":{"line":142,"column":5}}],"line":137}},"s":{"0":1,"1":1,"2":1,"3":1,"4":1,"5":1,"6":0,"7":0,"8":0,"9":0,"10":0,"11":0,"12":0,"13":0,"14":0,"15":0,"16":0,"17":0,"18":0,"19":0,"20":0,"21":0,"22":0,"23":0,"24":0,"25":0,"26":0,"27":0,"28":0,"29":0,"30":0,"31":0,"32":0,"33":0,"34":0,"35":0,"36":0,"37":0,"38":0,"39":0,"40":0,"41":0,"42":0,"43":0,"44":0,"45":0,"46":0,"47":0,"48":0,"49":0,"50":0,"51":0,"52":0,"53":0,"54":0,"55":0,"56":0,"57":0,"58":0,"59":0,"60":0,"61":0,"62":0,"63":0,"64":0,"65":0,"66":0,"67":0,"68":0,"69":0,"70":0,"71":0,"72":0,"73":0,"74":0,"75":0,"76":0,"77":0,"78":0,"79":0,"80":0,"81":0,"82":0,"83":0,"84":0,"85":0,"86":0,"87":0,"88":0,"89":0,"90":0,"91":0,"92":0,"93":0,"94":0,"95":0,"96":1},"f":{"0":0,"1":0,"2":0,"3":0,"4":0,"5":0,"6":0,"7":0},"b":{"0":[0,0],"1":[0,0],"2":[0,0],"3":[0,0],"4":[0,0],"5":[0,0],"6":[0,0],"7":[0,0],"8":[0,0]},"_coverageSchema":"1a1c01bbd47fc00a2c39e90264f33305004495a9","hash":"24e10c67db039e6103b423923b8da4b57739a1a1","contentHash":"e87dc0d3de66157933527b295902a88efe77b087e0bf1d0f390ba353e28ea65c"},"C:\\Users\\fedi0\\OneDrive\\Bureau\\PI DEV TWINERZ\\TWINERZ-ConnectCareerBackend\\services\\skills.js":{"path":"C:\\Users\\fedi0\\OneDrive\\Bureau\\PI DEV TWINERZ\\TWINERZ-ConnectCareerBackend\\services\\skills.js","statementMap":{"0":{"start":{"line":1,"column":15},"end":{"line":1,"column":42}},"1":{"start":{"line":2,"column":13},"end":{"line":2,"column":38}},"2":{"start":{"line":4,"column":21},"end":{"line":12,"column":1}},"3":{"start":{"line":5,"column":2},"end":{"line":11,"column":3}},"4":{"start":{"line":6,"column":26},"end":{"line":6,"column":34}},"5":{"start":{"line":7,"column":19},"end":{"line":7,"column":44}},"6":{"start":{"line":8,"column":4},"end":{"line":8,"column":24}},"7":{"start":{"line":10,"column":4},"end":{"line":10,"column":54}},"8":{"start":{"line":13,"column":21},"end":{"line":22,"column":1}},"9":{"start":{"line":14,"column":2},"end":{"line":21,"column":3}},"10":{"start":{"line":15,"column":19},"end":{"line":15,"column":38}},"11":{"start":{"line":17,"column":4},"end":{"line":17,"column":37}},"12":{"start":{"line":19,"column":4},"end":{"line":19,"column":55}},"13":{"start":{"line":20,"column":4},"end":{"line":20,"column":63}},"14":{"start":{"line":24,"column":26},"end":{"line":48,"column":1}},"15":{"start":{"line":25,"column":2},"end":{"line":47,"column":3}},"16":{"start":{"line":26,"column":23},"end":{"line":26,"column":33}},"17":{"start":{"line":27,"column":26},"end":{"line":27,"column":34}},"18":{"start":{"line":28,"column":16},"end":{"line":28,"column":51}},"19":{"start":{"line":29,"column":4},"end":{"line":32,"column":5}},"20":{"start":{"line":30,"column":6},"end":{"line":30,"column":40}},"21":{"start":{"line":31,"column":6},"end":{"line":31,"column":25}},"22":{"start":{"line":33,"column":17},"end":{"line":33,"column":44}},"23":{"start":{"line":34,"column":4},"end":{"line":36,"column":5}},"24":{"start":{"line":35,"column":6},"end":{"line":35,"column":65}},"25":{"start":{"line":37,"column":4},"end":{"line":39,"column":5}},"26":{"start":{"line":38,"column":6},"end":{"line":38,"column":91}},"27":{"start":{"line":40,"column":4},"end":{"line":40,"column":32}},"28":{"start":{"line":41,"column":4},"end":{"line":41,"column":22}},"29":{"start":{"line":43,"column":4},"end":{"line":43,"column":74}},"30":{"start":{"line":45,"column":4},"end":{"line":45,"column":59}},"31":{"start":{"line":46,"column":4},"end":{"line":46,"column":63}},"32":{"start":{"line":50,"column":22},"end":{"line":70,"column":1}},"33":{"start":{"line":51,"column":2},"end":{"line":69,"column":3}},"34":{"start":{"line":52,"column":23},"end":{"line":52,"column":33}},"35":{"start":{"line":55,"column":17},"end":{"line":55,"column":76}},"36":{"start":{"line":57,"column":4},"end":{"line":59,"column":5}},"37":{"start":{"line":58,"column":6},"end":{"line":58,"column":65}},"38":{"start":{"line":62,"column":23},"end":{"line":62,"column":66}},"39":{"start":{"line":62,"column":50},"end":{"line":62,"column":65}},"40":{"start":{"line":65,"column":4},"end":{"line":65,"column":49}},"41":{"start":{"line":67,"column":4},"end":{"line":67,"column":62}},"42":{"start":{"line":68,"column":4},"end":{"line":68,"column":63}},"43":{"start":{"line":72,"column":28},"end":{"line":106,"column":1}},"44":{"start":{"line":73,"column":2},"end":{"line":105,"column":3}},"45":{"start":{"line":74,"column":23},"end":{"line":74,"column":33}},"46":{"start":{"line":75,"column":26},"end":{"line":75,"column":34}},"47":{"start":{"line":76,"column":18},"end":{"line":76,"column":53}},"48":{"start":{"line":77,"column":4},"end":{"line":77,"column":23}},"49":{"start":{"line":79,"column":17},"end":{"line":79,"column":44}},"50":{"start":{"line":80,"column":4},"end":{"line":82,"column":5}},"51":{"start":{"line":81,"column":6},"end":{"line":81,"column":65}},"52":{"start":{"line":85,"column":23},"end":{"line":85,"column":53}},"53":{"start":{"line":86,"column":4},"end":{"line":90,"column":5}},"54":{"start":{"line":87,"column":6},"end":{"line":89,"column":66}},"55":{"start":{"line":93,"column":4},"end":{"line":93,"column":38}},"56":{"start":{"line":96,"column":4},"end":{"line":96,"column":22}},"57":{"start":{"line":99,"column":4},"end":{"line":101,"column":77}},"58":{"start":{"line":103,"column":4},"end":{"line":103,"column":72}},"59":{"start":{"line":104,"column":4},"end":{"line":104,"column":63}},"60":{"start":{"line":108,"column":0},"end":{"line":114,"column":2}}},"fnMap":{"0":{"name":"(anonymous_0)","decl":{"start":{"line":4,"column":21},"end":{"line":4,"column":22}},"loc":{"start":{"line":4,"column":41},"end":{"line":12,"column":1}},"line":4},"1":{"name":"(anonymous_1)","decl":{"start":{"line":13,"column":21},"end":{"line":13,"column":22}},"loc":{"start":{"line":13,"column":41},"end":{"line":22,"column":1}},"line":13},"2":{"name":"(anonymous_2)","decl":{"start":{"line":24,"column":26},"end":{"line":24,"column":27}},"loc":{"start":{"line":24,"column":46},"end":{"line":48,"column":1}},"line":24},"3":{"name":"(anonymous_3)","decl":{"start":{"line":50,"column":22},"end":{"line":50,"column":23}},"loc":{"start":{"line":50,"column":42},"end":{"line":70,"column":1}},"line":50},"4":{"name":"(anonymous_4)","decl":{"start":{"line":62,"column":39},"end":{"line":62,"column":40}},"loc":{"start":{"line":62,"column":50},"end":{"line":62,"column":65}},"line":62},"5":{"name":"(anonymous_5)","decl":{"start":{"line":72,"column":28},"end":{"line":72,"column":29}},"loc":{"start":{"line":72,"column":48},"end":{"line":106,"column":1}},"line":72}},"branchMap":{"0":{"loc":{"start":{"line":29,"column":4},"end":{"line":32,"column":5}},"type":"if","locations":[{"start":{"line":29,"column":4},"end":{"line":32,"column":5}},{"start":{"line":29,"column":4},"end":{"line":32,"column":5}}],"line":29},"1":{"loc":{"start":{"line":34,"column":4},"end":{"line":36,"column":5}},"type":"if","locations":[{"start":{"line":34,"column":4},"end":{"line":36,"column":5}},{"start":{"line":34,"column":4},"end":{"line":36,"column":5}}],"line":34},"2":{"loc":{"start":{"line":37,"column":4},"end":{"line":39,"column":5}},"type":"if","locations":[{"start":{"line":37,"column":4},"end":{"line":39,"column":5}},{"start":{"line":37,"column":4},"end":{"line":39,"column":5}}],"line":37},"3":{"loc":{"start":{"line":57,"column":4},"end":{"line":59,"column":5}},"type":"if","locations":[{"start":{"line":57,"column":4},"end":{"line":59,"column":5}},{"start":{"line":57,"column":4},"end":{"line":59,"column":5}}],"line":57},"4":{"loc":{"start":{"line":80,"column":4},"end":{"line":82,"column":5}},"type":"if","locations":[{"start":{"line":80,"column":4},"end":{"line":82,"column":5}},{"start":{"line":80,"column":4},"end":{"line":82,"column":5}}],"line":80},"5":{"loc":{"start":{"line":86,"column":4},"end":{"line":90,"column":5}},"type":"if","locations":[{"start":{"line":86,"column":4},"end":{"line":90,"column":5}},{"start":{"line":86,"column":4},"end":{"line":90,"column":5}}],"line":86}},"s":{"0":1,"1":1,"2":1,"3":2,"4":2,"5":2,"6":2,"7":1,"8":1,"9":2,"10":2,"11":1,"12":1,"13":1,"14":1,"15":0,"16":0,"17":0,"18":0,"19":0,"20":0,"21":0,"22":0,"23":0,"24":0,"25":0,"26":0,"27":0,"28":0,"29":0,"30":0,"31":0,"32":1,"33":0,"34":0,"35":0,"36":0,"37":0,"38":0,"39":0,"40":0,"41":0,"42":0,"43":1,"44":0,"45":0,"46":0,"47":0,"48":0,"49":0,"50":0,"51":0,"52":0,"53":0,"54":0,"55":0,"56":0,"57":0,"58":0,"59":0,"60":1},"f":{"0":2,"1":2,"2":0,"3":0,"4":0,"5":0},"b":{"0":[0,0],"1":[0,0],"2":[0,0],"3":[0,0],"4":[0,0],"5":[0,0]},"_coverageSchema":"1a1c01bbd47fc00a2c39e90264f33305004495a9","hash":"0b038d6399ed73bcc7f3cf38f5b1ed9a593e9a9b","contentHash":"eaf1627b487d1c9560ec1f821cf6d2a39089a358eb0ef5ece451b5c32485dc29"},"C:\\Users\\fedi0\\OneDrive\\Bureau\\PI DEV TWINERZ\\TWINERZ-ConnectCareerBackend\\services\\statsRecruiter.js":{"path":"C:\\Users\\fedi0\\OneDrive\\Bureau\\PI DEV TWINERZ\\TWINERZ-ConnectCareerBackend\\services\\statsRecruiter.js","statementMap":{"0":{"start":{"line":1,"column":12},"end":{"line":1,"column":36}},"1":{"start":{"line":2,"column":20},"end":{"line":2,"column":52}},"2":{"start":{"line":3,"column":13},"end":{"line":3,"column":38}},"3":{"start":{"line":5,"column":22},"end":{"line":41,"column":1}},"4":{"start":{"line":6,"column":2},"end":{"line":40,"column":3}},"5":{"start":{"line":7,"column":21},"end":{"line":32,"column":15}},"6":{"start":{"line":33,"column":21},"end":{"line":33,"column":68}},"7":{"start":{"line":34,"column":29},"end":{"line":34,"column":77}},"8":{"start":{"line":36,"column":4},"end":{"line":36,"column":64}},"9":{"start":{"line":37,"column":4},"end":{"line":37,"column":52}},"10":{"start":{"line":39,"column":4},"end":{"line":39,"column":49}},"11":{"start":{"line":43,"column":0},"end":{"line":45,"column":2}}},"fnMap":{"0":{"name":"(anonymous_0)","decl":{"start":{"line":5,"column":22},"end":{"line":5,"column":23}},"loc":{"start":{"line":5,"column":47},"end":{"line":41,"column":1}},"line":5}},"branchMap":{},"s":{"0":1,"1":1,"2":1,"3":1,"4":0,"5":0,"6":0,"7":0,"8":0,"9":0,"10":0,"11":1},"f":{"0":0},"b":{},"_coverageSchema":"1a1c01bbd47fc00a2c39e90264f33305004495a9","hash":"44f7fa7a58dcc56d178a5befc8fdbb029cafb1c2","contentHash":"a4e494becbc616addd74c9b04a4ded3749080c3ddb6272bb1f46b0e5f60cf138"}}