TN:
SF:models\education.js
FNF:0
FNH:0
DA:1,1
DA:2,1
DA:3,1
DA:15,1
DA:17,1
LF:5
LH:5
BRF:0
BRH:0
end_of_record
TN:
SF:models\entreprise.js
FNF:0
FNH:0
DA:2,1
DA:4,1
DA:20,1
DA:22,1
LF:4
LH:4
BRF:0
BRH:0
end_of_record
TN:
SF:models\job.js
FNF:0
FNH:0
DA:1,1
DA:2,1
DA:3,1
DA:40,1
DA:42,1
LF:5
LH:5
BRF:0
BRH:0
end_of_record
TN:
SF:models\skills.js
FNF:0
FNH:0
DA:1,1
DA:2,1
DA:3,1
DA:7,1
DA:9,1
LF:5
LH:5
BRF:0
BRH:0
end_of_record
TN:
SF:models\user.js
FNF:0
FNH:0
DA:2,1
DA:3,1
DA:4,1
DA:5,1
DA:51,1
DA:53,1
LF:6
LH:6
BRF:0
BRH:0
end_of_record
TN:
SF:services\entrepriseService.js
FN:5,getListeEntreprise
FN:16,getAllEntreprise
FN:25,getEntrepriseDetails
FN:50,getEntrepriseTech
FN:66,UpdateEntreprise
FN:98,CreateEntreprise
FNF:6
FNH:1
FNDA:1,getListeEntreprise
FNDA:0,getAllEntreprise
FNDA:0,getEntrepriseDetails
FNDA:0,getEntrepriseTech
FNDA:0,UpdateEntreprise
FNDA:0,CreateEntreprise
DA:1,1
DA:2,1
DA:3,1
DA:6,1
DA:7,1
DA:12,0
DA:13,0
DA:17,0
DA:18,0
DA:21,0
DA:22,0
DA:26,0
DA:28,0
DA:30,0
DA:31,0
DA:34,0
DA:36,0
DA:37,0
DA:40,0
DA:43,0
DA:45,0
DA:46,0
DA:51,0
DA:53,0
DA:55,0
DA:56,0
DA:59,0
DA:61,0
DA:62,0
DA:68,0
DA:69,0
DA:70,0
DA:71,0
DA:72,0
DA:73,0
DA:74,0
DA:75,0
DA:78,0
DA:81,0
DA:82,0
DA:83,0
DA:85,0
DA:86,0
DA:93,0
DA:94,0
DA:100,0
DA:101,0
DA:102,0
DA:103,0
DA:104,0
DA:105,0
DA:108,0
DA:111,0
DA:113,0
DA:122,0
DA:124,0
DA:125,0
DA:129,1
LF:58
LH:6
BRDA:30,0,0,0
BRDA:30,0,1,0
BRDA:36,1,0,0
BRDA:36,1,1,0
BRDA:55,2,0,0
BRDA:55,2,1,0
BRDA:71,3,0,0
BRDA:71,3,1,0
BRDA:102,4,0,0
BRDA:102,4,1,0
BRF:10
BRH:0
end_of_record
TN:
SF:services\skills.js
FN:4,(anonymous_0)
FN:13,(anonymous_1)
FN:25,(anonymous_2)
FN:52,(anonymous_3)
FN:64,(anonymous_4)
FN:74,(anonymous_5)
FNF:6
FNH:2
FNDA:2,(anonymous_0)
FNDA:2,(anonymous_1)
FNDA:0,(anonymous_2)
FNDA:0,(anonymous_3)
FNDA:0,(anonymous_4)
FNDA:0,(anonymous_5)
DA:1,1
DA:2,1
DA:4,1
DA:5,2
DA:6,2
DA:7,2
DA:8,2
DA:10,1
DA:13,1
DA:14,2
DA:16,2
DA:18,1
DA:20,1
DA:21,1
DA:25,1
DA:26,0
DA:27,0
DA:28,0
DA:29,0
DA:30,0
DA:31,0
DA:32,0
DA:34,0
DA:35,0
DA:36,0
DA:38,0
DA:39,0
DA:41,0
DA:42,0
DA:44,0
DA:46,0
DA:47,0
DA:52,1
DA:53,0
DA:54,0
DA:57,0
DA:59,0
DA:60,0
DA:64,0
DA:67,0
DA:69,0
DA:70,0
DA:74,1
DA:75,0
DA:76,0
DA:77,0
DA:78,0
DA:79,0
DA:81,0
DA:82,0
DA:83,0
DA:87,0
DA:88,0
DA:89,0
DA:95,0
DA:98,0
DA:101,0
DA:105,0
DA:106,0
DA:110,1
LF:60
LH:18
BRDA:30,0,0,0
BRDA:30,0,1,0
BRDA:35,1,0,0
BRDA:35,1,1,0
BRDA:38,2,0,0
BRDA:38,2,1,0
BRDA:59,3,0,0
BRDA:59,3,1,0
BRDA:82,4,0,0
BRDA:82,4,1,0
BRDA:88,5,0,0
BRDA:88,5,1,0
BRF:12
BRH:0
end_of_record
TN:
SF:services\testedservices\services.js
FN:7,getEntrepriseDetails
FN:23,getRecruiterDetails
FN:32,getListOfEducation
FNF:3
FNH:3
FNDA:2,getEntrepriseDetails
FNDA:2,getRecruiterDetails
FNDA:2,getListOfEducation
DA:1,1
DA:2,1
DA:3,1
DA:8,2
DA:9,2
DA:11,2
DA:12,1
DA:15,1
DA:17,1
DA:18,1
DA:24,2
DA:25,2
DA:26,1
DA:28,1
DA:29,1
DA:33,2
DA:34,2
DA:37,0
DA:39,2
DA:41,2
DA:47,1
LF:21
LH:20
BRDA:11,0,0,1
BRDA:11,0,1,1
BRF:2
BRH:2
end_of_record
